[2023-09-28 15:20:02.568]	dev.info	gateway_go/main.go:26	log init success!
[2023-09-28 15:20:02.637]	dev.error	bootstrap/redis.go:18	Redis connect ping failed, err:	{"err": "dial tcp 127.0.0.1:6379: connect: connection refused"}
[2023-09-28 15:20:10.024]	dev.info	bootstrap/cron.go:95	Error 3988 (HY000): Conversion from collation utf8mb4_0900_ai_ci into utf8mb3_general_ci impossible for parameter
[2023-09-28 15:20:10.043]	dev.info	bootstrap/cron.go:95	Error 3988 (HY000): Conversion from collation utf8mb4_0900_ai_ci into utf8mb3_general_ci impossible for parameter
[2023-09-28 15:20:20.023]	dev.info	bootstrap/cron.go:95	Error 3988 (HY000): Conversion from collation utf8mb4_0900_ai_ci into utf8mb3_general_ci impossible for parameter
[2023-09-28 15:20:20.045]	dev.info	bootstrap/cron.go:95	Error 3988 (HY000): Conversion from collation utf8mb4_0900_ai_ci into utf8mb3_general_ci impossible for parameter
[2023-09-28 15:20:30.026]	dev.info	bootstrap/cron.go:95	Error 3988 (HY000): Conversion from collation utf8mb4_0900_ai_ci into utf8mb3_general_ci impossible for parameter
[2023-09-28 15:20:30.055]	dev.info	bootstrap/cron.go:95	Error 3988 (HY000): Conversion from collation utf8mb4_0900_ai_ci into utf8mb3_general_ci impossible for parameter
[2023-09-28 15:20:40.025]	dev.info	bootstrap/cron.go:95	Error 3988 (HY000): Conversion from collation utf8mb4_0900_ai_ci into utf8mb3_general_ci impossible for parameter
[2023-09-28 15:20:40.061]	dev.info	bootstrap/cron.go:95	Error 3988 (HY000): Conversion from collation utf8mb4_0900_ai_ci into utf8mb3_general_ci impossible for parameter
[2023-09-28 15:20:50.023]	dev.info	bootstrap/cron.go:95	Error 3988 (HY000): Conversion from collation utf8mb4_0900_ai_ci into utf8mb3_general_ci impossible for parameter
[2023-09-28 15:20:50.045]	dev.info	bootstrap/cron.go:95	Error 3988 (HY000): Conversion from collation utf8mb4_0900_ai_ci into utf8mb3_general_ci impossible for parameter
[2023-09-28 15:21:00.023]	dev.info	bootstrap/cron.go:95	Error 3988 (HY000): Conversion from collation utf8mb4_0900_ai_ci into utf8mb3_general_ci impossible for parameter
[2023-09-28 15:21:00.043]	dev.info	bootstrap/cron.go:95	Error 3988 (HY000): Conversion from collation utf8mb4_0900_ai_ci into utf8mb3_general_ci impossible for parameter
[2023-09-28 15:21:10.023]	dev.info	bootstrap/cron.go:95	Error 3988 (HY000): Conversion from collation utf8mb4_0900_ai_ci into utf8mb3_general_ci impossible for parameter
[2023-09-28 15:21:10.041]	dev.info	bootstrap/cron.go:95	Error 3988 (HY000): Conversion from collation utf8mb4_0900_ai_ci into utf8mb3_general_ci impossible for parameter
[2023-09-28 15:21:20.026]	dev.info	bootstrap/cron.go:95	Error 3988 (HY000): Conversion from collation utf8mb4_0900_ai_ci into utf8mb3_general_ci impossible for parameter
[2023-09-28 15:21:20.053]	dev.info	bootstrap/cron.go:95	Error 3988 (HY000): Conversion from collation utf8mb4_0900_ai_ci into utf8mb3_general_ci impossible for parameter
[2023-09-28 15:21:30.026]	dev.info	bootstrap/cron.go:95	Error 3988 (HY000): Conversion from collation utf8mb4_0900_ai_ci into utf8mb3_general_ci impossible for parameter
[2023-09-28 15:21:30.053]	dev.info	bootstrap/cron.go:95	Error 3988 (HY000): Conversion from collation utf8mb4_0900_ai_ci into utf8mb3_general_ci impossible for parameter
[2023-09-28 15:21:40.026]	dev.info	bootstrap/cron.go:95	Error 3988 (HY000): Conversion from collation utf8mb4_0900_ai_ci into utf8mb3_general_ci impossible for parameter
[2023-09-28 15:21:40.056]	dev.info	bootstrap/cron.go:95	Error 3988 (HY000): Conversion from collation utf8mb4_0900_ai_ci into utf8mb3_general_ci impossible for parameter
[2023-09-28 15:21:50.026]	dev.info	bootstrap/cron.go:95	Error 3988 (HY000): Conversion from collation utf8mb4_0900_ai_ci into utf8mb3_general_ci impossible for parameter
[2023-09-28 15:21:50.054]	dev.info	bootstrap/cron.go:95	Error 3988 (HY000): Conversion from collation utf8mb4_0900_ai_ci into utf8mb3_general_ci impossible for parameter
[2023-09-28 15:22:00.027]	dev.info	bootstrap/cron.go:95	Error 3988 (HY000): Conversion from collation utf8mb4_0900_ai_ci into utf8mb3_general_ci impossible for parameter
[2023-09-28 15:22:00.048]	dev.info	bootstrap/cron.go:95	Error 3988 (HY000): Conversion from collation utf8mb4_0900_ai_ci into utf8mb3_general_ci impossible for parameter
[2023-09-28 15:22:10.023]	dev.info	bootstrap/cron.go:95	Error 3988 (HY000): Conversion from collation utf8mb4_0900_ai_ci into utf8mb3_general_ci impossible for parameter
[2023-09-28 15:22:10.052]	dev.info	bootstrap/cron.go:95	Error 3988 (HY000): Conversion from collation utf8mb4_0900_ai_ci into utf8mb3_general_ci impossible for parameter
[2023-09-28 15:22:20.022]	dev.info	bootstrap/cron.go:95	Error 3988 (HY000): Conversion from collation utf8mb4_0900_ai_ci into utf8mb3_general_ci impossible for parameter
[2023-09-28 15:22:20.050]	dev.info	bootstrap/cron.go:95	Error 3988 (HY000): Conversion from collation utf8mb4_0900_ai_ci into utf8mb3_general_ci impossible for parameter
[2023-09-28 15:28:25.558]	dev.info	gateway_go/main.go:26	log init success!
[2023-09-28 15:28:25.627]	dev.error	bootstrap/redis.go:18	Redis connect ping failed, err:	{"err": "dial tcp 127.0.0.1:6379: connect: connection refused"}
[2023-09-28 15:28:30.028]	dev.info	bootstrap/cron.go:95	Error 3988 (HY000): Conversion from collation utf8mb4_0900_ai_ci into utf8mb3_general_ci impossible for parameter
[2023-09-28 15:28:30.050]	dev.info	bootstrap/cron.go:95	Error 3988 (HY000): Conversion from collation utf8mb4_0900_ai_ci into utf8mb3_general_ci impossible for parameter
[2023-09-28 15:28:40.023]	dev.info	bootstrap/cron.go:95	Error 3988 (HY000): Conversion from collation utf8mb4_0900_ai_ci into utf8mb3_general_ci impossible for parameter
[2023-09-28 15:28:40.044]	dev.info	bootstrap/cron.go:95	Error 3988 (HY000): Conversion from collation utf8mb4_0900_ai_ci into utf8mb3_general_ci impossible for parameter
[2023-09-28 15:28:50.023]	dev.info	bootstrap/cron.go:95	Error 3988 (HY000): Conversion from collation utf8mb4_0900_ai_ci into utf8mb3_general_ci impossible for parameter
[2023-09-28 15:28:50.044]	dev.info	bootstrap/cron.go:95	Error 3988 (HY000): Conversion from collation utf8mb4_0900_ai_ci into utf8mb3_general_ci impossible for parameter
[2023-09-28 15:29:00.027]	dev.info	bootstrap/cron.go:95	Error 3988 (HY000): Conversion from collation utf8mb4_0900_ai_ci into utf8mb3_general_ci impossible for parameter
[2023-09-28 15:29:00.047]	dev.info	bootstrap/cron.go:95	Error 3988 (HY000): Conversion from collation utf8mb4_0900_ai_ci into utf8mb3_general_ci impossible for parameter
[2023-09-28 15:29:10.024]	dev.info	bootstrap/cron.go:95	Error 3988 (HY000): Conversion from collation utf8mb4_0900_ai_ci into utf8mb3_general_ci impossible for parameter
[2023-09-28 15:29:10.054]	dev.info	bootstrap/cron.go:95	Error 3988 (HY000): Conversion from collation utf8mb4_0900_ai_ci into utf8mb3_general_ci impossible for parameter
[2023-09-28 15:29:20.022]	dev.info	bootstrap/cron.go:95	Error 3988 (HY000): Conversion from collation utf8mb4_0900_ai_ci into utf8mb3_general_ci impossible for parameter
[2023-09-28 15:29:20.039]	dev.info	bootstrap/cron.go:95	Error 3988 (HY000): Conversion from collation utf8mb4_0900_ai_ci into utf8mb3_general_ci impossible for parameter
[2023-09-28 15:29:30.027]	dev.info	bootstrap/cron.go:95	Error 3988 (HY000): Conversion from collation utf8mb4_0900_ai_ci into utf8mb3_general_ci impossible for parameter
[2023-09-28 15:29:30.055]	dev.info	bootstrap/cron.go:95	Error 3988 (HY000): Conversion from collation utf8mb4_0900_ai_ci into utf8mb3_general_ci impossible for parameter
[2023-09-28 15:29:40.020]	dev.info	bootstrap/cron.go:95	Error 3988 (HY000): Conversion from collation utf8mb4_0900_ai_ci into utf8mb3_general_ci impossible for parameter
[2023-09-28 15:29:40.042]	dev.info	bootstrap/cron.go:95	Error 3988 (HY000): Conversion from collation utf8mb4_0900_ai_ci into utf8mb3_general_ci impossible for parameter
[2023-09-28 15:29:50.020]	dev.info	bootstrap/cron.go:95	Error 3988 (HY000): Conversion from collation utf8mb4_0900_ai_ci into utf8mb3_general_ci impossible for parameter
[2023-09-28 15:29:50.047]	dev.info	bootstrap/cron.go:95	Error 3988 (HY000): Conversion from collation utf8mb4_0900_ai_ci into utf8mb3_general_ci impossible for parameter
[2023-09-28 15:30:00.027]	dev.info	bootstrap/cron.go:95	Error 3988 (HY000): Conversion from collation utf8mb4_0900_ai_ci into utf8mb3_general_ci impossible for parameter
[2023-09-28 15:30:00.050]	dev.info	bootstrap/cron.go:95	Error 3988 (HY000): Conversion from collation utf8mb4_0900_ai_ci into utf8mb3_general_ci impossible for parameter
[2023-09-28 15:30:10.031]	dev.info	bootstrap/cron.go:95	Error 3988 (HY000): Conversion from collation utf8mb4_0900_ai_ci into utf8mb3_general_ci impossible for parameter
[2023-09-28 15:30:10.062]	dev.info	bootstrap/cron.go:95	Error 3988 (HY000): Conversion from collation utf8mb4_0900_ai_ci into utf8mb3_general_ci impossible for parameter
[2023-09-28 15:30:20.025]	dev.info	bootstrap/cron.go:95	Error 3988 (HY000): Conversion from collation utf8mb4_0900_ai_ci into utf8mb3_general_ci impossible for parameter
[2023-09-28 15:30:20.055]	dev.info	bootstrap/cron.go:95	Error 3988 (HY000): Conversion from collation utf8mb4_0900_ai_ci into utf8mb3_general_ci impossible for parameter
[2023-09-28 15:30:30.027]	dev.info	bootstrap/cron.go:95	Error 3988 (HY000): Conversion from collation utf8mb4_0900_ai_ci into utf8mb3_general_ci impossible for parameter
[2023-09-28 15:30:30.056]	dev.info	bootstrap/cron.go:95	Error 3988 (HY000): Conversion from collation utf8mb4_0900_ai_ci into utf8mb3_general_ci impossible for parameter
[2023-09-28 15:30:40.026]	dev.info	bootstrap/cron.go:95	Error 3988 (HY000): Conversion from collation utf8mb4_0900_ai_ci into utf8mb3_general_ci impossible for parameter
[2023-09-28 15:30:40.056]	dev.info	bootstrap/cron.go:95	Error 3988 (HY000): Conversion from collation utf8mb4_0900_ai_ci into utf8mb3_general_ci impossible for parameter
[2023-09-28 15:30:50.023]	dev.info	bootstrap/cron.go:95	Error 3988 (HY000): Conversion from collation utf8mb4_0900_ai_ci into utf8mb3_general_ci impossible for parameter
[2023-09-28 15:30:50.053]	dev.info	bootstrap/cron.go:95	Error 3988 (HY000): Conversion from collation utf8mb4_0900_ai_ci into utf8mb3_general_ci impossible for parameter
[2023-09-28 15:31:00.029]	dev.info	bootstrap/cron.go:95	Error 3988 (HY000): Conversion from collation utf8mb4_0900_ai_ci into utf8mb3_general_ci impossible for parameter
[2023-09-28 15:31:00.054]	dev.info	bootstrap/cron.go:95	Error 3988 (HY000): Conversion from collation utf8mb4_0900_ai_ci into utf8mb3_general_ci impossible for parameter
[2023-09-28 15:31:10.024]	dev.info	bootstrap/cron.go:95	Error 3988 (HY000): Conversion from collation utf8mb4_0900_ai_ci into utf8mb3_general_ci impossible for parameter
[2023-09-28 15:31:10.044]	dev.info	bootstrap/cron.go:95	Error 3988 (HY000): Conversion from collation utf8mb4_0900_ai_ci into utf8mb3_general_ci impossible for parameter
[2023-09-28 15:31:20.012]	dev.info	bootstrap/cron.go:95	Error 3988 (HY000): Conversion from collation utf8mb4_0900_ai_ci into utf8mb3_general_ci impossible for parameter
[2023-09-28 15:31:20.025]	dev.info	bootstrap/cron.go:95	Error 3988 (HY000): Conversion from collation utf8mb4_0900_ai_ci into utf8mb3_general_ci impossible for parameter
[2023-09-28 15:31:30.025]	dev.info	bootstrap/cron.go:95	Error 3988 (HY000): Conversion from collation utf8mb4_0900_ai_ci into utf8mb3_general_ci impossible for parameter
[2023-09-28 15:31:30.046]	dev.info	bootstrap/cron.go:95	Error 3988 (HY000): Conversion from collation utf8mb4_0900_ai_ci into utf8mb3_general_ci impossible for parameter
[2023-09-28 15:31:40.019]	dev.info	bootstrap/cron.go:95	Error 3988 (HY000): Conversion from collation utf8mb4_0900_ai_ci into utf8mb3_general_ci impossible for parameter
[2023-09-28 15:31:40.040]	dev.info	bootstrap/cron.go:95	Error 3988 (HY000): Conversion from collation utf8mb4_0900_ai_ci into utf8mb3_general_ci impossible for parameter
[2023-09-28 15:31:48.120]	dev.info	gateway_go/main.go:26	log init success!
[2023-09-28 15:31:48.191]	dev.error	bootstrap/redis.go:18	Redis connect ping failed, err:	{"err": "dial tcp 127.0.0.1:6379: connect: connection refused"}
[2023-09-28 15:34:26.267]	dev.info	gateway_go/main.go:26	log init success!
[2023-09-28 15:34:26.338]	dev.error	bootstrap/redis.go:18	Redis connect ping failed, err:	{"err": "dial tcp 127.0.0.1:6379: connect: connection refused"}
[2023-09-28 15:34:43.569]	dev.info	gateway_go/main.go:26	log init success!
[2023-09-28 15:34:43.638]	dev.error	bootstrap/redis.go:18	Redis connect ping failed, err:	{"err": "dial tcp 127.0.0.1:6379: connect: connection refused"}
[2023-09-28 15:37:33.560]	dev.info	gateway_go/main.go:26	log init success!
[2023-09-28 15:37:33.630]	dev.error	bootstrap/redis.go:18	Redis connect ping failed, err:	{"err": "dial tcp 127.0.0.1:6379: connect: connection refused"}
[2023-09-28 15:37:40.029]	dev.info	bootstrap/cron.go:96	Error 3988 (HY000): Conversion from collation utf8mb4_0900_ai_ci into utf8mb3_general_ci impossible for parameter
[2023-09-28 15:37:40.051]	dev.info	bootstrap/cron.go:96	Error 3988 (HY000): Conversion from collation utf8mb4_0900_ai_ci into utf8mb3_general_ci impossible for parameter
[2023-09-28 15:37:50.020]	dev.info	bootstrap/cron.go:96	Error 3988 (HY000): Conversion from collation utf8mb4_0900_ai_ci into utf8mb3_general_ci impossible for parameter
[2023-09-28 15:37:50.048]	dev.info	bootstrap/cron.go:96	Error 3988 (HY000): Conversion from collation utf8mb4_0900_ai_ci into utf8mb3_general_ci impossible for parameter
[2023-09-28 15:38:00.028]	dev.info	bootstrap/cron.go:96	Error 3988 (HY000): Conversion from collation utf8mb4_0900_ai_ci into utf8mb3_general_ci impossible for parameter
[2023-09-28 15:38:00.056]	dev.info	bootstrap/cron.go:96	Error 3988 (HY000): Conversion from collation utf8mb4_0900_ai_ci into utf8mb3_general_ci impossible for parameter
[2023-09-28 15:38:10.025]	dev.info	bootstrap/cron.go:96	Error 3988 (HY000): Conversion from collation utf8mb4_0900_ai_ci into utf8mb3_general_ci impossible for parameter
[2023-09-28 15:38:10.060]	dev.info	bootstrap/cron.go:96	Error 3988 (HY000): Conversion from collation utf8mb4_0900_ai_ci into utf8mb3_general_ci impossible for parameter
[2023-09-28 15:38:20.023]	dev.info	bootstrap/cron.go:96	Error 3988 (HY000): Conversion from collation utf8mb4_0900_ai_ci into utf8mb3_general_ci impossible for parameter
[2023-09-28 15:38:20.053]	dev.info	bootstrap/cron.go:96	Error 3988 (HY000): Conversion from collation utf8mb4_0900_ai_ci into utf8mb3_general_ci impossible for parameter
[2023-09-28 15:38:30.028]	dev.info	bootstrap/cron.go:96	Error 3988 (HY000): Conversion from collation utf8mb4_0900_ai_ci into utf8mb3_general_ci impossible for parameter
[2023-09-28 15:38:30.056]	dev.info	bootstrap/cron.go:96	Error 3988 (HY000): Conversion from collation utf8mb4_0900_ai_ci into utf8mb3_general_ci impossible for parameter
[2023-09-28 15:38:40.025]	dev.info	bootstrap/cron.go:96	Error 3988 (HY000): Conversion from collation utf8mb4_0900_ai_ci into utf8mb3_general_ci impossible for parameter
[2023-09-28 15:38:40.046]	dev.info	bootstrap/cron.go:96	Error 3988 (HY000): Conversion from collation utf8mb4_0900_ai_ci into utf8mb3_general_ci impossible for parameter
[2023-09-28 15:38:50.024]	dev.info	bootstrap/cron.go:96	Error 3988 (HY000): Conversion from collation utf8mb4_0900_ai_ci into utf8mb3_general_ci impossible for parameter
[2023-09-28 15:38:50.045]	dev.info	bootstrap/cron.go:96	Error 3988 (HY000): Conversion from collation utf8mb4_0900_ai_ci into utf8mb3_general_ci impossible for parameter
[2023-09-28 15:38:53.132]	dev.info	gateway_go/main.go:26	log init success!
[2023-09-28 15:38:53.203]	dev.error	bootstrap/redis.go:18	Redis connect ping failed, err:	{"err": "dial tcp 127.0.0.1:6379: connect: connection refused"}
[2023-09-28 15:43:21.414]	dev.info	gateway_go/main.go:26	log init success!
[2023-09-28 15:43:21.485]	dev.error	bootstrap/redis.go:18	Redis connect ping failed, err:	{"err": "dial tcp 127.0.0.1:6379: connect: connection refused"}
[2023-09-28 15:43:30.021]	dev.info	bootstrap/cron.go:94	swag该文件已存在不需要新增记录
[2023-09-28 15:43:30.042]	dev.info	bootstrap/cron.go:94	设计模式.pdf该文件已存在不需要新增记录
[2023-09-28 15:43:40.027]	dev.info	bootstrap/cron.go:94	swag该文件已存在不需要新增记录
[2023-09-28 15:43:40.042]	dev.info	bootstrap/cron.go:94	设计模式.pdf该文件已存在不需要新增记录
[2023-09-28 15:43:50.032]	dev.info	bootstrap/cron.go:94	swag该文件已存在不需要新增记录
[2023-09-28 15:43:50.061]	dev.info	bootstrap/cron.go:94	设计模式.pdf该文件已存在不需要新增记录
[2023-09-28 15:44:00.023]	dev.info	bootstrap/cron.go:94	swag该文件已存在不需要新增记录
[2023-09-28 15:44:00.043]	dev.info	bootstrap/cron.go:94	设计模式.pdf该文件已存在不需要新增记录
[2023-09-28 15:44:04.221]	dev.info	gateway_go/main.go:26	log init success!
[2023-09-28 15:44:04.291]	dev.error	bootstrap/redis.go:18	Redis connect ping failed, err:	{"err": "dial tcp 127.0.0.1:6379: connect: connection refused"}
[2023-09-28 15:44:10.025]	dev.info	bootstrap/cron.go:95	swag该文件已存在不需要新增记录
[2023-09-28 15:44:10.045]	dev.info	bootstrap/cron.go:95	设计模式.pdf该文件已存在不需要新增记录
[2023-09-28 15:44:20.023]	dev.info	bootstrap/cron.go:95	swag该文件已存在不需要新增记录
[2023-09-28 15:44:20.046]	dev.info	bootstrap/cron.go:95	设计模式.pdf该文件已存在不需要新增记录
[2023-09-28 15:44:30.023]	dev.info	bootstrap/cron.go:95	swag该文件已存在不需要新增记录
[2023-09-28 15:44:30.045]	dev.info	bootstrap/cron.go:95	设计模式.pdf该文件已存在不需要新增记录
[2023-09-28 15:44:40.025]	dev.info	bootstrap/cron.go:95	swag该文件已存在不需要新增记录
[2023-09-28 15:44:40.054]	dev.info	bootstrap/cron.go:95	设计模式.pdf该文件已存在不需要新增记录
[2023-09-28 15:44:50.026]	dev.info	bootstrap/cron.go:95	swag该文件已存在不需要新增记录
[2023-09-28 15:44:50.056]	dev.info	bootstrap/cron.go:95	设计模式.pdf该文件已存在不需要新增记录
[2023-09-28 15:45:00.025]	dev.info	bootstrap/cron.go:95	swag该文件已存在不需要新增记录
[2023-09-28 15:45:00.043]	dev.info	bootstrap/cron.go:95	设计模式.pdf该文件已存在不需要新增记录
[2023-09-28 15:45:04.426]	dev.info	gateway_go/main.go:26	log init success!
[2023-09-28 15:45:04.497]	dev.error	bootstrap/redis.go:18	Redis connect ping failed, err:	{"err": "dial tcp 127.0.0.1:6379: connect: connection refused"}
[2023-09-28 15:45:10.028]	dev.info	bootstrap/cron.go:95	swag该文件已存在不需要新增记录
[2023-09-28 15:45:10.052]	dev.info	bootstrap/cron.go:95	设计模式.pdf该文件已存在不需要新增记录
[2023-09-28 15:45:20.023]	dev.info	bootstrap/cron.go:95	swag该文件已存在不需要新增记录
[2023-09-28 15:45:20.043]	dev.info	bootstrap/cron.go:95	设计模式.pdf该文件已存在不需要新增记录
[2023-09-28 15:45:30.026]	dev.info	bootstrap/cron.go:95	swag该文件已存在不需要新增记录
[2023-09-28 15:45:30.056]	dev.info	bootstrap/cron.go:95	设计模式.pdf该文件已存在不需要新增记录
[2023-09-28 15:45:50.028]	dev.info	bootstrap/cron.go:95	swag该文件已存在不需要新增记录
[2023-09-28 15:45:50.058]	dev.info	bootstrap/cron.go:95	设计模式.pdf该文件已存在不需要新增记录
[2023-09-28 15:46:00.028]	dev.info	bootstrap/cron.go:95	swag该文件已存在不需要新增记录
[2023-09-28 15:46:00.052]	dev.info	bootstrap/cron.go:95	设计模式.pdf该文件已存在不需要新增记录
[2023-09-28 15:46:10.024]	dev.info	bootstrap/cron.go:95	swag该文件已存在不需要新增记录
[2023-09-28 15:46:10.042]	dev.info	bootstrap/cron.go:95	设计模式.pdf该文件已存在不需要新增记录
[2023-09-28 15:46:20.028]	dev.info	bootstrap/cron.go:95	swag该文件已存在不需要新增记录
[2023-09-28 15:46:20.058]	dev.info	bootstrap/cron.go:95	设计模式.pdf该文件已存在不需要新增记录
[2023-09-28 15:46:30.009]	dev.info	bootstrap/cron.go:95	swag该文件已存在不需要新增记录
[2023-09-28 15:46:30.021]	dev.info	bootstrap/cron.go:95	设计模式.pdf该文件已存在不需要新增记录
[2023-09-28 15:46:40.028]	dev.info	bootstrap/cron.go:95	swag该文件已存在不需要新增记录
[2023-09-28 15:46:40.049]	dev.info	bootstrap/cron.go:95	设计模式.pdf该文件已存在不需要新增记录
[2023-09-28 15:46:50.006]	dev.info	bootstrap/cron.go:95	20230825102818_1931.docx该文件已存在不需要新增记录
[2023-09-28 15:46:50.032]	dev.info	bootstrap/cron.go:95	swag该文件已存在不需要新增记录
[2023-09-28 15:46:50.058]	dev.info	bootstrap/cron.go:95	设计模式.pdf该文件已存在不需要新增记录
[2023-09-28 15:47:00.010]	dev.info	bootstrap/cron.go:95	20230825102818_1931.docx该文件已存在不需要新增记录
[2023-09-28 15:47:00.024]	dev.info	bootstrap/cron.go:95	swag该文件已存在不需要新增记录
[2023-09-28 15:47:00.048]	dev.info	bootstrap/cron.go:95	设计模式.pdf该文件已存在不需要新增记录
[2023-09-28 15:47:10.003]	dev.info	bootstrap/cron.go:95	20230825102818_1931.docx该文件已存在不需要新增记录
[2023-09-28 15:47:10.019]	dev.info	bootstrap/cron.go:95	swag该文件已存在不需要新增记录
[2023-09-28 15:47:10.037]	dev.info	bootstrap/cron.go:95	设计模式.pdf该文件已存在不需要新增记录
[2023-09-28 15:47:20.005]	dev.info	bootstrap/cron.go:95	20230825102818_1931.docx该文件已存在不需要新增记录
[2023-09-28 15:47:20.027]	dev.info	bootstrap/cron.go:95	swag该文件已存在不需要新增记录
[2023-09-28 15:47:20.049]	dev.info	bootstrap/cron.go:95	设计模式.pdf该文件已存在不需要新增记录
[2023-09-28 15:47:30.004]	dev.info	bootstrap/cron.go:95	20230825102818_1931.docx该文件已存在不需要新增记录
[2023-09-28 15:47:30.025]	dev.info	bootstrap/cron.go:95	swag该文件已存在不需要新增记录
[2023-09-28 15:47:30.046]	dev.info	bootstrap/cron.go:95	设计模式.pdf该文件已存在不需要新增记录
[2023-09-28 15:47:40.005]	dev.info	bootstrap/cron.go:95	20230825102818_1931.docx该文件已存在不需要新增记录
[2023-09-28 15:47:40.026]	dev.info	bootstrap/cron.go:95	swag该文件已存在不需要新增记录
[2023-09-28 15:47:40.047]	dev.info	bootstrap/cron.go:95	设计模式.pdf该文件已存在不需要新增记录
[2023-09-28 15:47:50.005]	dev.info	bootstrap/cron.go:95	20230825102818_1931.docx该文件已存在不需要新增记录
[2023-09-28 15:47:50.026]	dev.info	bootstrap/cron.go:95	swag该文件已存在不需要新增记录
[2023-09-28 15:47:50.048]	dev.info	bootstrap/cron.go:95	设计模式.pdf该文件已存在不需要新增记录
[2023-09-28 15:48:00.011]	dev.info	bootstrap/cron.go:95	20230825102818_1931.docx该文件已存在不需要新增记录
[2023-09-28 15:48:00.030]	dev.info	bootstrap/cron.go:95	swag该文件已存在不需要新增记录
[2023-09-28 15:48:00.055]	dev.info	bootstrap/cron.go:95	设计模式.pdf该文件已存在不需要新增记录
[2023-09-28 15:48:10.005]	dev.info	bootstrap/cron.go:95	20230825102818_1931.docx该文件已存在不需要新增记录
[2023-09-28 15:48:10.034]	dev.info	bootstrap/cron.go:95	swag该文件已存在不需要新增记录
[2023-09-28 15:48:10.063]	dev.info	bootstrap/cron.go:95	设计模式.pdf该文件已存在不需要新增记录
[2023-09-28 15:48:20.005]	dev.info	bootstrap/cron.go:95	20230825102818_1931.docx该文件已存在不需要新增记录
[2023-09-28 15:48:20.028]	dev.info	bootstrap/cron.go:95	swag该文件已存在不需要新增记录
[2023-09-28 15:48:20.050]	dev.info	bootstrap/cron.go:95	设计模式.pdf该文件已存在不需要新增记录
[2023-09-28 15:48:30.004]	dev.info	bootstrap/cron.go:95	20230825102818_1931.docx该文件已存在不需要新增记录
[2023-09-28 15:48:30.025]	dev.info	bootstrap/cron.go:95	swag该文件已存在不需要新增记录
[2023-09-28 15:48:30.048]	dev.info	bootstrap/cron.go:95	设计模式.pdf该文件已存在不需要新增记录
[2023-09-28 15:48:40.005]	dev.info	bootstrap/cron.go:95	20230825102818_1931.docx该文件已存在不需要新增记录
[2023-09-28 15:48:40.027]	dev.info	bootstrap/cron.go:95	swag该文件已存在不需要新增记录
[2023-09-28 15:48:40.049]	dev.info	bootstrap/cron.go:95	设计模式.pdf该文件已存在不需要新增记录
[2023-09-28 15:48:50.006]	dev.info	bootstrap/cron.go:95	20230825102818_1931.docx该文件已存在不需要新增记录
[2023-09-28 15:48:50.029]	dev.info	bootstrap/cron.go:95	swag该文件已存在不需要新增记录
[2023-09-28 15:48:50.049]	dev.info	bootstrap/cron.go:95	设计模式.pdf该文件已存在不需要新增记录
[2023-09-28 15:49:00.010]	dev.info	bootstrap/cron.go:95	20230825102818_1931.docx该文件已存在不需要新增记录
[2023-09-28 15:49:00.027]	dev.info	bootstrap/cron.go:95	swag该文件已存在不需要新增记录
[2023-09-28 15:49:00.045]	dev.info	bootstrap/cron.go:95	设计模式.pdf该文件已存在不需要新增记录
[2023-09-28 15:49:10.006]	dev.info	bootstrap/cron.go:95	20230825102818_1931.docx该文件已存在不需要新增记录
[2023-09-28 15:49:10.027]	dev.info	bootstrap/cron.go:95	swag该文件已存在不需要新增记录
[2023-09-28 15:49:10.049]	dev.info	bootstrap/cron.go:95	设计模式.pdf该文件已存在不需要新增记录
[2023-09-28 15:49:20.005]	dev.info	bootstrap/cron.go:95	20230825102818_1931.docx该文件已存在不需要新增记录
[2023-09-28 15:49:20.025]	dev.info	bootstrap/cron.go:95	swag该文件已存在不需要新增记录
[2023-09-28 15:49:20.046]	dev.info	bootstrap/cron.go:95	设计模式.pdf该文件已存在不需要新增记录
[2023-09-28 15:49:30.004]	dev.info	bootstrap/cron.go:95	20230825102818_1931.docx该文件已存在不需要新增记录
[2023-09-28 15:49:30.023]	dev.info	bootstrap/cron.go:95	swag该文件已存在不需要新增记录
[2023-09-28 15:49:30.044]	dev.info	bootstrap/cron.go:95	设计模式.pdf该文件已存在不需要新增记录
[2023-09-28 15:49:40.004]	dev.info	bootstrap/cron.go:95	20230825102818_1931.docx该文件已存在不需要新增记录
[2023-09-28 15:49:40.025]	dev.info	bootstrap/cron.go:95	swag该文件已存在不需要新增记录
[2023-09-28 15:49:40.047]	dev.info	bootstrap/cron.go:95	设计模式.pdf该文件已存在不需要新增记录
[2023-09-28 15:49:50.001]	dev.info	bootstrap/cron.go:95	20230825102818_1931.docx该文件已存在不需要新增记录
[2023-09-28 15:49:50.010]	dev.info	bootstrap/cron.go:95	swag该文件已存在不需要新增记录
[2023-09-28 15:49:50.023]	dev.info	bootstrap/cron.go:95	设计模式.pdf该文件已存在不需要新增记录
[2023-09-28 15:50:00.009]	dev.info	bootstrap/cron.go:95	20230825102818_1931.docx该文件已存在不需要新增记录
[2023-09-28 15:50:00.027]	dev.info	bootstrap/cron.go:95	swag该文件已存在不需要新增记录
[2023-09-28 15:50:00.049]	dev.info	bootstrap/cron.go:95	设计模式.pdf该文件已存在不需要新增记录
[2023-09-28 15:50:10.003]	dev.info	bootstrap/cron.go:95	20230825102818_1931.docx该文件已存在不需要新增记录
[2023-09-28 15:50:10.023]	dev.info	bootstrap/cron.go:95	swag该文件已存在不需要新增记录
[2023-09-28 15:50:10.044]	dev.info	bootstrap/cron.go:95	设计模式.pdf该文件已存在不需要新增记录
[2023-09-28 15:50:16.921]	dev.info	gateway_go/main.go:26	log init success!
[2023-09-28 15:50:16.991]	dev.error	bootstrap/redis.go:18	Redis connect ping failed, err:	{"err": "dial tcp 127.0.0.1:6379: connect: connection refused"}
[2023-09-28 15:50:20.005]	dev.info	bootstrap/cron.go:97	unsupported data type: map[is_delete:0]: Table not set, please set it like: db.Model(&user) or db.Table("users")
[2023-09-28 15:50:20.024]	dev.info	bootstrap/cron.go:97	unsupported data type: map[is_delete:0]: Table not set, please set it like: db.Model(&user) or db.Table("users")
[2023-09-28 15:50:20.045]	dev.info	bootstrap/cron.go:97	unsupported data type: map[is_delete:0]: Table not set, please set it like: db.Model(&user) or db.Table("users")
[2023-09-28 15:50:30.004]	dev.info	bootstrap/cron.go:97	unsupported data type: map[is_delete:0]: Table not set, please set it like: db.Model(&user) or db.Table("users")
[2023-09-28 15:50:30.028]	dev.info	bootstrap/cron.go:97	unsupported data type: map[is_delete:0]: Table not set, please set it like: db.Model(&user) or db.Table("users")
[2023-09-28 15:50:30.053]	dev.info	bootstrap/cron.go:97	unsupported data type: map[is_delete:0]: Table not set, please set it like: db.Model(&user) or db.Table("users")
[2023-09-28 15:50:40.004]	dev.info	bootstrap/cron.go:97	unsupported data type: map[is_delete:0]: Table not set, please set it like: db.Model(&user) or db.Table("users")
[2023-09-28 15:50:40.029]	dev.info	bootstrap/cron.go:97	unsupported data type: map[is_delete:0]: Table not set, please set it like: db.Model(&user) or db.Table("users")
[2023-09-28 15:50:40.056]	dev.info	bootstrap/cron.go:97	unsupported data type: map[is_delete:0]: Table not set, please set it like: db.Model(&user) or db.Table("users")
[2023-09-28 15:50:50.001]	dev.info	bootstrap/cron.go:97	unsupported data type: map[is_delete:0]: Table not set, please set it like: db.Model(&user) or db.Table("users")
[2023-09-28 15:50:50.016]	dev.info	bootstrap/cron.go:97	unsupported data type: map[is_delete:0]: Table not set, please set it like: db.Model(&user) or db.Table("users")
[2023-09-28 15:50:50.039]	dev.info	bootstrap/cron.go:97	unsupported data type: map[is_delete:0]: Table not set, please set it like: db.Model(&user) or db.Table("users")
[2023-09-28 15:51:00.007]	dev.info	bootstrap/cron.go:97	unsupported data type: map[is_delete:0]: Table not set, please set it like: db.Model(&user) or db.Table("users")
[2023-09-28 15:51:00.024]	dev.info	bootstrap/cron.go:97	unsupported data type: map[is_delete:0]: Table not set, please set it like: db.Model(&user) or db.Table("users")
[2023-09-28 15:51:00.043]	dev.info	bootstrap/cron.go:97	unsupported data type: map[is_delete:0]: Table not set, please set it like: db.Model(&user) or db.Table("users")
[2023-09-28 15:51:10.005]	dev.info	bootstrap/cron.go:97	unsupported data type: map[is_delete:0]: Table not set, please set it like: db.Model(&user) or db.Table("users")
[2023-09-28 15:51:10.023]	dev.info	bootstrap/cron.go:97	unsupported data type: map[is_delete:0]: Table not set, please set it like: db.Model(&user) or db.Table("users")
[2023-09-28 15:51:10.046]	dev.info	bootstrap/cron.go:97	unsupported data type: map[is_delete:0]: Table not set, please set it like: db.Model(&user) or db.Table("users")
[2023-09-28 15:51:20.006]	dev.info	bootstrap/cron.go:97	unsupported data type: map[is_delete:0]: Table not set, please set it like: db.Model(&user) or db.Table("users")
[2023-09-28 15:51:20.026]	dev.info	bootstrap/cron.go:97	unsupported data type: map[is_delete:0]: Table not set, please set it like: db.Model(&user) or db.Table("users")
[2023-09-28 15:51:20.057]	dev.info	bootstrap/cron.go:97	unsupported data type: map[is_delete:0]: Table not set, please set it like: db.Model(&user) or db.Table("users")
[2023-09-28 15:51:30.004]	dev.info	bootstrap/cron.go:97	unsupported data type: map[is_delete:0]: Table not set, please set it like: db.Model(&user) or db.Table("users")
[2023-09-28 15:51:30.030]	dev.info	bootstrap/cron.go:97	unsupported data type: map[is_delete:0]: Table not set, please set it like: db.Model(&user) or db.Table("users")
[2023-09-28 15:51:30.057]	dev.info	bootstrap/cron.go:97	unsupported data type: map[is_delete:0]: Table not set, please set it like: db.Model(&user) or db.Table("users")
[2023-09-28 15:51:40.007]	dev.info	bootstrap/cron.go:97	unsupported data type: map[is_delete:0]: Table not set, please set it like: db.Model(&user) or db.Table("users")
[2023-09-28 15:51:40.031]	dev.info	bootstrap/cron.go:97	unsupported data type: map[is_delete:0]: Table not set, please set it like: db.Model(&user) or db.Table("users")
[2023-09-28 15:51:40.057]	dev.info	bootstrap/cron.go:97	unsupported data type: map[is_delete:0]: Table not set, please set it like: db.Model(&user) or db.Table("users")
[2023-09-28 15:51:50.005]	dev.info	bootstrap/cron.go:97	unsupported data type: map[is_delete:0]: Table not set, please set it like: db.Model(&user) or db.Table("users")
[2023-09-28 15:51:50.026]	dev.info	bootstrap/cron.go:97	unsupported data type: map[is_delete:0]: Table not set, please set it like: db.Model(&user) or db.Table("users")
[2023-09-28 15:51:50.058]	dev.info	bootstrap/cron.go:97	unsupported data type: map[is_delete:0]: Table not set, please set it like: db.Model(&user) or db.Table("users")
[2023-09-28 15:52:00.008]	dev.info	bootstrap/cron.go:97	unsupported data type: map[is_delete:0]: Table not set, please set it like: db.Model(&user) or db.Table("users")
[2023-09-28 15:52:00.028]	dev.info	bootstrap/cron.go:97	unsupported data type: map[is_delete:0]: Table not set, please set it like: db.Model(&user) or db.Table("users")
[2023-09-28 15:52:00.047]	dev.info	bootstrap/cron.go:97	unsupported data type: map[is_delete:0]: Table not set, please set it like: db.Model(&user) or db.Table("users")
[2023-09-28 15:52:10.004]	dev.info	bootstrap/cron.go:97	unsupported data type: map[is_delete:0]: Table not set, please set it like: db.Model(&user) or db.Table("users")
[2023-09-28 15:52:10.029]	dev.info	bootstrap/cron.go:97	unsupported data type: map[is_delete:0]: Table not set, please set it like: db.Model(&user) or db.Table("users")
[2023-09-28 15:52:10.053]	dev.info	bootstrap/cron.go:97	unsupported data type: map[is_delete:0]: Table not set, please set it like: db.Model(&user) or db.Table("users")
[2023-09-28 15:52:20.006]	dev.info	bootstrap/cron.go:97	unsupported data type: map[is_delete:0]: Table not set, please set it like: db.Model(&user) or db.Table("users")
[2023-09-28 15:52:20.023]	dev.info	bootstrap/cron.go:97	unsupported data type: map[is_delete:0]: Table not set, please set it like: db.Model(&user) or db.Table("users")
[2023-09-28 15:52:20.047]	dev.info	bootstrap/cron.go:97	unsupported data type: map[is_delete:0]: Table not set, please set it like: db.Model(&user) or db.Table("users")
[2023-09-28 15:52:30.004]	dev.info	bootstrap/cron.go:97	unsupported data type: map[is_delete:0]: Table not set, please set it like: db.Model(&user) or db.Table("users")
[2023-09-28 15:52:30.024]	dev.info	bootstrap/cron.go:97	unsupported data type: map[is_delete:0]: Table not set, please set it like: db.Model(&user) or db.Table("users")
[2023-09-28 15:52:30.047]	dev.info	bootstrap/cron.go:97	unsupported data type: map[is_delete:0]: Table not set, please set it like: db.Model(&user) or db.Table("users")
[2023-09-28 15:52:40.002]	dev.info	bootstrap/cron.go:97	unsupported data type: map[is_delete:0]: Table not set, please set it like: db.Model(&user) or db.Table("users")
[2023-09-28 15:52:40.009]	dev.info	bootstrap/cron.go:97	unsupported data type: map[is_delete:0]: Table not set, please set it like: db.Model(&user) or db.Table("users")
[2023-09-28 15:52:40.020]	dev.info	bootstrap/cron.go:97	unsupported data type: map[is_delete:0]: Table not set, please set it like: db.Model(&user) or db.Table("users")
[2023-09-28 15:52:45.798]	dev.info	gateway_go/main.go:26	log init success!
[2023-09-28 15:52:45.868]	dev.error	bootstrap/redis.go:18	Redis connect ping failed, err:	{"err": "dial tcp 127.0.0.1:6379: connect: connection refused"}
[2023-09-28 15:52:50.007]	dev.info	bootstrap/cron.go:96	unsupported data type: map[is_delete:0]: Table not set, please set it like: db.Model(&user) or db.Table("users")
[2023-09-28 15:52:50.027]	dev.info	bootstrap/cron.go:96	unsupported data type: map[is_delete:0]: Table not set, please set it like: db.Model(&user) or db.Table("users")
[2023-09-28 15:52:50.049]	dev.info	bootstrap/cron.go:96	unsupported data type: map[is_delete:0]: Table not set, please set it like: db.Model(&user) or db.Table("users")
[2023-09-28 15:53:00.010]	dev.info	bootstrap/cron.go:96	unsupported data type: map[is_delete:0]: Table not set, please set it like: db.Model(&user) or db.Table("users")
[2023-09-28 15:53:00.030]	dev.info	bootstrap/cron.go:96	unsupported data type: map[is_delete:0]: Table not set, please set it like: db.Model(&user) or db.Table("users")
[2023-09-28 15:53:00.049]	dev.info	bootstrap/cron.go:96	unsupported data type: map[is_delete:0]: Table not set, please set it like: db.Model(&user) or db.Table("users")
[2023-09-28 15:53:10.007]	dev.info	bootstrap/cron.go:96	unsupported data type: map[is_delete:0]: Table not set, please set it like: db.Model(&user) or db.Table("users")
[2023-09-28 15:53:10.026]	dev.info	bootstrap/cron.go:96	unsupported data type: map[is_delete:0]: Table not set, please set it like: db.Model(&user) or db.Table("users")
[2023-09-28 15:53:10.046]	dev.info	bootstrap/cron.go:96	unsupported data type: map[is_delete:0]: Table not set, please set it like: db.Model(&user) or db.Table("users")
[2023-09-28 15:53:20.002]	dev.info	bootstrap/cron.go:96	unsupported data type: map[is_delete:0]: Table not set, please set it like: db.Model(&user) or db.Table("users")
[2023-09-28 15:53:20.012]	dev.info	bootstrap/cron.go:96	unsupported data type: map[is_delete:0]: Table not set, please set it like: db.Model(&user) or db.Table("users")
[2023-09-28 15:53:20.024]	dev.info	bootstrap/cron.go:96	unsupported data type: map[is_delete:0]: Table not set, please set it like: db.Model(&user) or db.Table("users")
[2023-09-28 15:53:30.004]	dev.info	bootstrap/cron.go:96	unsupported data type: map[is_delete:0]: Table not set, please set it like: db.Model(&user) or db.Table("users")
[2023-09-28 15:53:30.023]	dev.info	bootstrap/cron.go:96	unsupported data type: map[is_delete:0]: Table not set, please set it like: db.Model(&user) or db.Table("users")
[2023-09-28 15:53:30.044]	dev.info	bootstrap/cron.go:96	unsupported data type: map[is_delete:0]: Table not set, please set it like: db.Model(&user) or db.Table("users")
[2023-09-28 15:53:34.763]	dev.info	gateway_go/main.go:26	log init success!
[2023-09-28 15:53:34.833]	dev.error	bootstrap/redis.go:18	Redis connect ping failed, err:	{"err": "dial tcp 127.0.0.1:6379: connect: connection refused"}
