[2023-11-05 19:32:21.355]	dev.info	gateway_go/main.go:26	log init success!
[2023-11-05 19:32:21.357]	dev.info	initialize/cron.go:19	Failed to parse int from *: strconv.Atoi: parsing "*": invalid syntax
[2023-11-05 19:32:57.930]	dev.info	gateway_go/main.go:26	log init success!
[2023-11-05 19:32:57.932]	dev.info	initialize/cron.go:19	Failed to parse int from *: strconv.Atoi: parsing "*": invalid syntax
[2023-11-05 19:41:59.477]	dev.info	gateway_go/main.go:26	log init success!
[2023-11-05 19:41:59.479]	dev.info	initialize/cron.go:19	Failed to parse int from *: strconv.Atoi: parsing "*": invalid syntax
[2023-11-05 19:43:44.606]	dev.info	gateway_go/main.go:26	log init success!
[2023-11-05 19:43:44.608]	dev.info	initialize/cron.go:19	Failed to parse int from *: strconv.Atoi: parsing "*": invalid syntax
[2023-11-05 19:45:34.318]	dev.info	gateway_go/main.go:26	log init success!
[2023-11-05 19:45:34.320]	dev.info	initialize/cron.go:19	Failed to parse int from *: strconv.Atoi: parsing "*": invalid syntax
[2023-11-05 19:56:38.926]	dev.info	gateway_go/main.go:26	log init success!
[2023-11-05 19:56:38.931]	dev.info	initialize/cron.go:19	Failed to parse int from *: strconv.Atoi: parsing "*": invalid syntax
[2023-11-05 19:58:41.835]	dev.info	gateway_go/main.go:26	log init success!
[2023-11-05 19:58:41.838]	dev.info	initialize/cron.go:19	Failed to parse int from *: strconv.Atoi: parsing "*": invalid syntax
[2023-11-05 19:59:25.818]	dev.info	gateway_go/main.go:26	log init success!
[2023-11-05 19:59:25.820]	dev.info	initialize/cron.go:19	Failed to parse int from *: strconv.Atoi: parsing "*": invalid syntax
[2023-11-05 20:06:21.874]	dev.info	gateway_go/main.go:26	log init success!
[2023-11-05 20:06:21.876]	dev.info	initialize/cron.go:19	Failed to parse int from *: strconv.Atoi: parsing "*": invalid syntax
[2023-11-05 20:07:36.375]	dev.info	gateway_go/main.go:26	log init success!
[2023-11-05 20:07:36.378]	dev.info	initialize/cron.go:19	Failed to parse int from *: strconv.Atoi: parsing "*": invalid syntax
[2023-11-05 20:13:31.598]	dev.info	gateway_go/main.go:26	log init success!
[2023-11-05 20:13:31.600]	dev.info	initialize/cron.go:19	Failed to parse int from *: strconv.Atoi: parsing "*": invalid syntax
[2023-11-05 20:14:13.652]	dev.info	gateway_go/main.go:26	log init success!
[2023-11-05 20:14:13.654]	dev.info	initialize/cron.go:19	Failed to parse int from *: strconv.Atoi: parsing "*": invalid syntax
[2023-11-05 20:18:42.594]	dev.info	gateway_go/main.go:26	log init success!
[2023-11-05 20:18:42.596]	dev.info	initialize/cron.go:19	Failed to parse int from *: strconv.Atoi: parsing "*": invalid syntax
[2023-11-05 22:50:45.245]	dev.info	gateway_go/main.go:26	log init success!
[2023-11-05 22:50:45.248]	dev.info	initialize/cron.go:19	Failed to parse int from *: strconv.Atoi: parsing "*": invalid syntax
[2023-11-05 22:51:20.775]	dev.info	gateway_go/main.go:26	log init success!
[2023-11-05 22:51:20.777]	dev.info	initialize/cron.go:19	Failed to parse int from *: strconv.Atoi: parsing "*": invalid syntax
[2023-11-05 22:53:08.764]	dev.info	gateway_go/main.go:26	log init success!
[2023-11-05 22:53:08.766]	dev.info	initialize/cron.go:19	Failed to parse int from *: strconv.Atoi: parsing "*": invalid syntax
[2023-11-05 22:59:38.734]	dev.info	gateway_go/main.go:26	log init success!
[2023-11-05 22:59:38.736]	dev.info	initialize/cron.go:19	Failed to parse int from *: strconv.Atoi: parsing "*": invalid syntax
[2023-11-05 22:59:51.069]	dev.info	gateway_go/main.go:26	log init success!
[2023-11-05 22:59:51.072]	dev.info	initialize/cron.go:19	Failed to parse int from *: strconv.Atoi: parsing "*": invalid syntax
[2023-11-05 23:05:34.728]	dev.info	gateway_go/main.go:26	log init success!
[2023-11-05 23:05:34.731]	dev.info	initialize/cron.go:19	Failed to parse int from *: strconv.Atoi: parsing "*": invalid syntax
[2023-11-05 23:06:09.841]	dev.info	gateway_go/main.go:26	log init success!
[2023-11-05 23:06:09.844]	dev.info	initialize/cron.go:19	Failed to parse int from *: strconv.Atoi: parsing "*": invalid syntax
[2023-11-05 23:10:41.915]	dev.info	gateway_go/main.go:26	log init success!
[2023-11-05 23:10:41.918]	dev.info	initialize/cron.go:19	Failed to parse int from *: strconv.Atoi: parsing "*": invalid syntax
[2023-11-05 23:10:57.757]	dev.info	gateway_go/main.go:26	log init success!
[2023-11-05 23:10:57.759]	dev.info	initialize/cron.go:19	Failed to parse int from *: strconv.Atoi: parsing "*": invalid syntax
[2023-11-06 20:43:15.092]	dev.info	gateway_go/main.go:26	log init success!
[2023-11-06 20:43:15.170]	dev.error	initialize/redis.go:18	Redis connect ping failed, err:	{"err": "dial tcp 127.0.0.1:6379: connect: connection refused"}
[2023-11-06 20:43:15.170]	dev.info	initialize/cron.go:19	Failed to parse int from *: strconv.Atoi: parsing "*": invalid syntax
[2023-11-07 12:14:05.345]	dev.info	gateway_go/main.go:26	log init success!
[2023-11-07 12:14:05.425]	dev.error	initialize/redis.go:18	Redis connect ping failed, err:	{"err": "dial tcp 127.0.0.1:6379: connect: connection refused"}
[2023-11-07 12:14:05.425]	dev.info	initialize/cron.go:19	Failed to parse int from *: strconv.Atoi: parsing "*": invalid syntax
[2023-11-07 12:17:04.616]	dev.info	gateway_go/main.go:26	log init success!
[2023-11-07 12:17:04.685]	dev.error	initialize/redis.go:18	Redis connect ping failed, err:	{"err": "dial tcp 127.0.0.1:6379: connect: connection refused"}
[2023-11-07 12:17:04.685]	dev.info	initialize/cron.go:19	Failed to parse int from *: strconv.Atoi: parsing "*": invalid syntax
[2023-11-07 14:46:09.066]	dev.info	gateway_go/main.go:28	log init success!
[2023-11-07 14:46:09.140]	dev.error	initialize/redis.go:18	Redis connect ping failed, err:	{"err": "dial tcp 127.0.0.1:6379: connect: connection refused"}
[2023-11-07 14:46:09.140]	dev.info	initialize/cron.go:19	Failed to parse int from *: strconv.Atoi: parsing "*": invalid syntax
[2023-11-07 14:47:24.669]	dev.info	gateway_go/main.go:28	log init success!
[2023-11-07 14:47:24.739]	dev.error	initialize/redis.go:18	Redis connect ping failed, err:	{"err": "dial tcp 127.0.0.1:6379: connect: connection refused"}
[2023-11-07 14:47:24.740]	dev.info	initialize/cron.go:19	Failed to parse int from *: strconv.Atoi: parsing "*": invalid syntax
[2023-11-07 14:48:43.033]	dev.info	gateway_go/main.go:19	log init success!
[2023-11-07 14:48:43.101]	dev.error	initialize/redis.go:18	Redis connect ping failed, err:	{"err": "dial tcp 127.0.0.1:6379: connect: connection refused"}
[2023-11-07 14:48:43.101]	dev.info	initialize/cron.go:19	Failed to parse int from *: strconv.Atoi: parsing "*": invalid syntax
[2023-11-07 14:50:57.358]	dev.info	gateway_go/main.go:26	log init success!
[2023-11-07 14:50:57.428]	dev.error	initialize/redis.go:18	Redis connect ping failed, err:	{"err": "dial tcp 127.0.0.1:6379: connect: connection refused"}
[2023-11-07 14:50:57.428]	dev.info	initialize/cron.go:19	Failed to parse int from *: strconv.Atoi: parsing "*": invalid syntax
[2023-11-07 14:52:11.540]	dev.info	gateway_go/main.go:28	log init success!
[2023-11-07 14:52:11.616]	dev.error	initialize/redis.go:18	Redis connect ping failed, err:	{"err": "dial tcp 127.0.0.1:6379: connect: connection refused"}
[2023-11-07 14:52:11.616]	dev.info	initialize/cron.go:19	Failed to parse int from *: strconv.Atoi: parsing "*": invalid syntax
[2023-11-07 14:52:32.858]	dev.info	gateway_go/main.go:28	log init success!
[2023-11-07 14:52:32.927]	dev.error	initialize/redis.go:18	Redis connect ping failed, err:	{"err": "dial tcp 127.0.0.1:6379: connect: connection refused"}
[2023-11-07 14:52:32.928]	dev.info	initialize/cron.go:19	Failed to parse int from *: strconv.Atoi: parsing "*": invalid syntax
[2023-11-07 14:53:37.739]	dev.info	gateway_go/main.go:29	log init success!
[2023-11-07 14:53:37.808]	dev.error	initialize/redis.go:18	Redis connect ping failed, err:	{"err": "dial tcp 127.0.0.1:6379: connect: connection refused"}
[2023-11-07 14:53:37.808]	dev.info	initialize/cron.go:19	Failed to parse int from *: strconv.Atoi: parsing "*": invalid syntax
[2023-11-07 14:53:43.539]	dev.info	gateway_go/main.go:29	log init success!
[2023-11-07 14:53:43.609]	dev.error	initialize/redis.go:18	Redis connect ping failed, err:	{"err": "dial tcp 127.0.0.1:6379: connect: connection refused"}
[2023-11-07 14:53:43.611]	dev.info	initialize/cron.go:19	Failed to parse int from *: strconv.Atoi: parsing "*": invalid syntax
[2023-11-07 14:58:30.989]	dev.info	gateway_go/main.go:28	log init success!
[2023-11-07 14:58:31.061]	dev.error	initialize/redis.go:18	Redis connect ping failed, err:	{"err": "dial tcp 127.0.0.1:6379: connect: connection refused"}
[2023-11-07 14:58:31.061]	dev.info	initialize/cron.go:19	Failed to parse int from *: strconv.Atoi: parsing "*": invalid syntax
[2023-11-07 15:00:30.001]	dev.info	gateway_go/main.go:28	log init success!
[2023-11-07 15:00:30.003]	dev.info	initialize/cron.go:19	Failed to parse int from *: strconv.Atoi: parsing "*": invalid syntax
[2023-11-07 15:05:38.904]	dev.info	gateway_go/main.go:28	log init success!
[2023-11-07 15:05:38.906]	dev.info	initialize/cron.go:19	Failed to parse int from *: strconv.Atoi: parsing "*": invalid syntax
[2023-11-07 15:06:24.466]	dev.info	gateway_go/main.go:28	log init success!
[2023-11-07 15:06:24.469]	dev.info	initialize/cron.go:19	Failed to parse int from *: strconv.Atoi: parsing "*": invalid syntax
[2023-11-07 15:06:35.782]	dev.info	gateway_go/main.go:28	log init success!
[2023-11-07 15:06:35.785]	dev.info	initialize/cron.go:19	Failed to parse int from *: strconv.Atoi: parsing "*": invalid syntax
[2023-11-07 15:08:14.939]	dev.info	gateway_go/main.go:28	log init success!
[2023-11-07 15:08:14.941]	dev.info	initialize/cron.go:19	Failed to parse int from *: strconv.Atoi: parsing "*": invalid syntax
[2023-11-07 15:09:22.292]	dev.info	gateway_go/main.go:28	log init success!
[2023-11-07 15:09:22.294]	dev.info	initialize/cron.go:19	Failed to parse int from *: strconv.Atoi: parsing "*": invalid syntax
[2023-11-07 15:09:31.350]	dev.info	gateway_go/main.go:28	log init success!
[2023-11-07 15:09:31.353]	dev.info	initialize/cron.go:19	Failed to parse int from *: strconv.Atoi: parsing "*": invalid syntax
[2023-11-07 15:09:32.401]	dev.info	gateway_go/main.go:28	log init success!
[2023-11-07 15:09:32.405]	dev.info	initialize/cron.go:19	Failed to parse int from *: strconv.Atoi: parsing "*": invalid syntax
[2023-11-07 15:09:53.006]	dev.info	gateway_go/main.go:28	log init success!
[2023-11-07 15:09:53.012]	dev.info	initialize/cron.go:19	Failed to parse int from *: strconv.Atoi: parsing "*": invalid syntax
[2023-11-07 15:10:02.370]	dev.info	gateway_go/main.go:28	log init success!
[2023-11-07 15:10:02.373]	dev.info	initialize/cron.go:19	Failed to parse int from *: strconv.Atoi: parsing "*": invalid syntax
[2023-11-07 16:50:52.838]	dev.info	gateway_go/main.go:28	log init success!
[2023-11-07 16:50:52.841]	dev.info	initialize/cron.go:19	Failed to parse int from *: strconv.Atoi: parsing "*": invalid syntax
[2023-11-07 17:23:36.990]	dev.info	gateway_go/main.go:28	log init success!
[2023-11-07 17:23:36.993]	dev.info	initialize/cron.go:19	Failed to parse int from *: strconv.Atoi: parsing "*": invalid syntax
[2023-11-07 17:23:53.083]	dev.info	gateway_go/main.go:28	log init success!
[2023-11-07 17:23:53.087]	dev.info	initialize/cron.go:19	Failed to parse int from *: strconv.Atoi: parsing "*": invalid syntax
[2023-11-07 17:24:10.908]	dev.info	gateway_go/main.go:28	log init success!
[2023-11-07 17:24:10.911]	dev.info	initialize/cron.go:19	Failed to parse int from *: strconv.Atoi: parsing "*": invalid syntax
[2023-11-07 17:24:28.339]	dev.info	gateway_go/main.go:28	log init success!
[2023-11-07 17:24:28.341]	dev.info	initialize/cron.go:19	Failed to parse int from *: strconv.Atoi: parsing "*": invalid syntax
[2023-11-07 17:24:38.654]	dev.info	gateway_go/main.go:28	log init success!
[2023-11-07 17:24:38.657]	dev.info	initialize/cron.go:19	Failed to parse int from *: strconv.Atoi: parsing "*": invalid syntax
[2023-11-07 17:25:17.490]	dev.info	gateway_go/main.go:28	log init success!
[2023-11-07 17:25:17.492]	dev.info	initialize/cron.go:19	Failed to parse int from *: strconv.Atoi: parsing "*": invalid syntax
[2023-11-07 17:25:34.244]	dev.info	gateway_go/main.go:28	log init success!
[2023-11-07 17:25:34.246]	dev.info	initialize/cron.go:19	Failed to parse int from *: strconv.Atoi: parsing "*": invalid syntax
[2023-11-07 17:27:25.763]	dev.info	gateway_go/main.go:28	log init success!
[2023-11-07 17:27:25.766]	dev.info	initialize/cron.go:19	Failed to parse int from *: strconv.Atoi: parsing "*": invalid syntax
[2023-11-07 17:37:11.241]	dev.info	gateway_go/main.go:28	log init success!
[2023-11-07 17:37:11.244]	dev.info	initialize/cron.go:19	Failed to parse int from *: strconv.Atoi: parsing "*": invalid syntax
[2023-11-07 18:16:20.675]	dev.info	gateway_go/main.go:28	log init success!
[2023-11-07 18:16:20.677]	dev.info	initialize/cron.go:19	Failed to parse int from *: strconv.Atoi: parsing "*": invalid syntax
[2023-11-07 18:19:10.549]	dev.info	gateway_go/main.go:28	log init success!
[2023-11-07 18:19:10.552]	dev.info	initialize/cron.go:19	Failed to parse int from *: strconv.Atoi: parsing "*": invalid syntax
[2023-11-07 18:22:22.320]	dev.info	gateway_go/main.go:28	log init success!
[2023-11-07 18:22:22.323]	dev.info	initialize/cron.go:19	Failed to parse int from *: strconv.Atoi: parsing "*": invalid syntax
[2023-11-07 18:22:47.933]	dev.info	gateway_go/main.go:28	log init success!
[2023-11-07 18:22:47.936]	dev.info	initialize/cron.go:19	Failed to parse int from *: strconv.Atoi: parsing "*": invalid syntax
[2023-11-07 18:23:20.275]	dev.info	gateway_go/main.go:28	log init success!
[2023-11-07 18:23:20.277]	dev.info	initialize/cron.go:19	Failed to parse int from *: strconv.Atoi: parsing "*": invalid syntax
[2023-11-07 18:24:12.012]	dev.info	gateway_go/main.go:28	log init success!
[2023-11-07 18:24:12.014]	dev.info	initialize/cron.go:19	Failed to parse int from *: strconv.Atoi: parsing "*": invalid syntax
[2023-11-07 18:25:07.368]	dev.info	gateway_go/main.go:28	log init success!
[2023-11-07 18:25:07.370]	dev.info	initialize/cron.go:19	Failed to parse int from *: strconv.Atoi: parsing "*": invalid syntax
[2023-11-07 18:29:25.937]	dev.info	gateway_go/main.go:28	log init success!
[2023-11-07 18:29:25.940]	dev.info	initialize/cron.go:19	Failed to parse int from *: strconv.Atoi: parsing "*": invalid syntax
[2023-11-07 18:30:07.837]	dev.info	gateway_go/main.go:28	log init success!
[2023-11-07 18:30:07.840]	dev.info	initialize/cron.go:19	Failed to parse int from *: strconv.Atoi: parsing "*": invalid syntax
[2023-11-07 18:42:52.108]	dev.info	gateway_go/main.go:28	log init success!
[2023-11-07 18:42:52.111]	dev.info	initialize/cron.go:19	Failed to parse int from *: strconv.Atoi: parsing "*": invalid syntax
[2023-11-07 18:45:35.996]	dev.info	gateway_go/main.go:28	log init success!
[2023-11-07 18:45:36.009]	dev.info	initialize/cron.go:19	Failed to parse int from *: strconv.Atoi: parsing "*": invalid syntax
[2023-11-07 18:46:53.069]	dev.info	gateway_go/main.go:28	log init success!
[2023-11-07 18:46:53.071]	dev.info	initialize/cron.go:19	Failed to parse int from *: strconv.Atoi: parsing "*": invalid syntax
[2023-11-07 18:54:50.025]	dev.info	gateway_go/main.go:28	log init success!
[2023-11-07 18:54:50.027]	dev.info	initialize/cron.go:19	Failed to parse int from *: strconv.Atoi: parsing "*": invalid syntax
[2023-11-07 18:55:14.716]	dev.info	gateway_go/main.go:28	log init success!
[2023-11-07 18:55:14.718]	dev.info	initialize/cron.go:19	Failed to parse int from *: strconv.Atoi: parsing "*": invalid syntax
[2023-11-07 18:56:13.944]	dev.info	gateway_go/main.go:28	log init success!
[2023-11-07 18:56:13.946]	dev.info	initialize/cron.go:19	Failed to parse int from *: strconv.Atoi: parsing "*": invalid syntax
[2024-01-06 16:13:51.516]	dev.info	gateway_go/main.go:28	log init success!
[2024-01-06 16:13:51.517]	dev.error	initialize/db.go:50	mysql connect failed, err:	{"err": "dial tcp 127.0.0.1:3306: connect: connection refused"}
[2024-01-06 16:13:51.584]	dev.error	initialize/redis.go:18	Redis connect ping failed, err:	{"err": "dial tcp 127.0.0.1:6379: connect: connection refused"}
[2024-01-06 16:13:51.584]	dev.info	initialize/cron.go:19	Failed to parse int from *: strconv.Atoi: parsing "*": invalid syntax
[2024-01-06 16:18:24.282]	dev.info	gateway_go/main.go:28	log init success!
[2024-01-06 16:18:24.300]	dev.info	initialize/cron.go:19	Failed to parse int from *: strconv.Atoi: parsing "*": invalid syntax
[2024-01-06 16:19:33.132]	dev.info	gateway_go/main.go:28	log init success!
[2024-01-06 16:19:33.134]	dev.info	initialize/cron.go:19	Failed to parse int from *: strconv.Atoi: parsing "*": invalid syntax
[2024-01-06 16:22:59.298]	dev.info	gateway_go/main.go:28	log init success!
[2024-01-06 16:22:59.301]	dev.info	initialize/cron.go:19	Failed to parse int from *: strconv.Atoi: parsing "*": invalid syntax
[2024-01-06 16:25:23.421]	dev.info	gateway_go/main.go:28	log init success!
[2024-01-06 16:25:23.423]	dev.info	initialize/cron.go:19	Failed to parse int from *: strconv.Atoi: parsing "*": invalid syntax
[2024-01-06 18:48:17.958]	dev.info	gateway_go/main.go:28	log init success!
[2024-01-06 18:48:17.960]	dev.info	initialize/cron.go:19	Failed to parse int from *: strconv.Atoi: parsing "*": invalid syntax
[2024-01-06 19:49:53.239]	dev.info	gateway_go/main.go:28	log init success!
[2024-01-06 19:49:53.242]	dev.info	initialize/cron.go:19	Failed to parse int from *: strconv.Atoi: parsing "*": invalid syntax
[2024-01-06 19:50:25.005]	dev.info	gateway_go/main.go:28	log init success!
[2024-01-06 19:50:25.008]	dev.info	initialize/cron.go:19	Failed to parse int from *: strconv.Atoi: parsing "*": invalid syntax
[2024-01-06 19:50:37.097]	dev.info	gateway_go/main.go:28	log init success!
[2024-01-06 19:50:37.099]	dev.info	initialize/cron.go:19	Failed to parse int from *: strconv.Atoi: parsing "*": invalid syntax
[2024-01-06 19:51:01.631]	dev.info	gateway_go/main.go:28	log init success!
[2024-01-06 19:51:01.635]	dev.info	initialize/cron.go:19	Failed to parse int from *: strconv.Atoi: parsing "*": invalid syntax
[2024-01-06 19:51:59.524]	dev.info	gateway_go/main.go:28	log init success!
[2024-01-06 19:51:59.526]	dev.info	initialize/cron.go:19	Failed to parse int from *: strconv.Atoi: parsing "*": invalid syntax
[2024-01-06 19:52:19.775]	dev.info	gateway_go/main.go:28	log init success!
[2024-01-06 19:52:19.779]	dev.info	initialize/cron.go:19	Failed to parse int from *: strconv.Atoi: parsing "*": invalid syntax
[2024-01-06 19:52:25.567]	dev.info	gateway_go/main.go:28	log init success!
[2024-01-06 19:52:25.569]	dev.info	initialize/cron.go:19	Failed to parse int from *: strconv.Atoi: parsing "*": invalid syntax
[2024-01-06 19:56:51.552]	dev.info	gateway_go/main.go:28	log init success!
[2024-01-06 19:56:51.554]	dev.info	initialize/cron.go:19	Failed to parse int from *: strconv.Atoi: parsing "*": invalid syntax
[2024-01-06 19:57:46.368]	dev.info	gateway_go/main.go:28	log init success!
[2024-01-06 19:57:46.371]	dev.info	initialize/cron.go:19	Failed to parse int from *: strconv.Atoi: parsing "*": invalid syntax
[2024-01-06 20:01:31.945]	dev.info	gateway_go/main.go:28	log init success!
[2024-01-06 20:01:31.947]	dev.info	initialize/cron.go:19	Failed to parse int from *: strconv.Atoi: parsing "*": invalid syntax
[2024-01-06 20:03:23.340]	dev.info	gateway_go/main.go:28	log init success!
[2024-01-06 20:03:23.342]	dev.info	initialize/cron.go:19	Failed to parse int from *: strconv.Atoi: parsing "*": invalid syntax
[2024-01-06 20:04:48.425]	dev.info	gateway_go/main.go:28	log init success!
[2024-01-06 20:04:48.427]	dev.info	initialize/cron.go:19	Failed to parse int from *: strconv.Atoi: parsing "*": invalid syntax
[2024-01-06 20:05:27.432]	dev.info	gateway_go/main.go:28	log init success!
[2024-01-06 20:05:27.434]	dev.info	initialize/cron.go:19	Failed to parse int from *: strconv.Atoi: parsing "*": invalid syntax
[2024-01-06 20:05:40.601]	dev.info	gateway_go/main.go:28	log init success!
[2024-01-06 20:05:40.603]	dev.info	initialize/cron.go:19	Failed to parse int from *: strconv.Atoi: parsing "*": invalid syntax
[2024-01-06 20:07:18.841]	dev.info	gateway_go/main.go:28	log init success!
[2024-01-06 20:07:18.844]	dev.info	initialize/cron.go:19	Failed to parse int from *: strconv.Atoi: parsing "*": invalid syntax
[2024-01-06 20:14:27.868]	dev.info	gateway_go/main.go:28	log init success!
[2024-01-06 20:14:27.871]	dev.info	initialize/cron.go:19	Failed to parse int from *: strconv.Atoi: parsing "*": invalid syntax
[2024-01-06 23:13:38.075]	dev.info	gateway_go/main.go:28	log init success!
[2024-01-06 23:13:38.091]	dev.info	initialize/cron.go:19	Failed to parse int from *: strconv.Atoi: parsing "*": invalid syntax
[2024-01-06 23:23:29.946]	dev.info	gateway_go/main.go:28	log init success!
[2024-01-06 23:23:29.948]	dev.info	initialize/cron.go:19	Failed to parse int from *: strconv.Atoi: parsing "*": invalid syntax
[2024-01-06 23:24:13.916]	dev.info	gateway_go/main.go:28	log init success!
[2024-01-06 23:24:13.918]	dev.info	initialize/cron.go:19	Failed to parse int from *: strconv.Atoi: parsing "*": invalid syntax
[2024-01-06 23:25:46.948]	dev.info	gateway_go/main.go:28	log init success!
[2024-01-06 23:25:46.950]	dev.info	initialize/cron.go:19	Failed to parse int from *: strconv.Atoi: parsing "*": invalid syntax
[2024-01-06 23:31:36.726]	dev.info	gateway_go/main.go:28	log init success!
[2024-01-06 23:31:36.728]	dev.info	initialize/cron.go:19	Failed to parse int from *: strconv.Atoi: parsing "*": invalid syntax
[2024-01-07 16:15:06.936]	dev.info	gateway_go/main.go:28	log init success!
[2024-01-07 16:15:06.949]	dev.info	initialize/cron.go:19	Failed to parse int from *: strconv.Atoi: parsing "*": invalid syntax
[2024-01-07 21:07:29.867]	dev.info	gateway_go/main.go:28	log init success!
[2024-01-07 21:07:29.869]	dev.error	initialize/db.go:50	mysql connect failed, err:	{"err": "dial tcp 127.0.0.1:3306: connect: connection refused"}
[2024-01-07 21:07:29.938]	dev.error	initialize/redis.go:18	Redis connect ping failed, err:	{"err": "dial tcp 127.0.0.1:6379: connect: connection refused"}
[2024-01-07 21:07:29.938]	dev.info	initialize/cron.go:19	Failed to parse int from *: strconv.Atoi: parsing "*": invalid syntax
[2024-01-07 21:09:14.800]	dev.info	gateway_go/main.go:28	log init success!
[2024-01-07 21:09:14.818]	dev.info	initialize/cron.go:19	Failed to parse int from *: strconv.Atoi: parsing "*": invalid syntax
[2024-01-07 22:30:08.534]	dev.info	gateway_go/main.go:28	log init success!
[2024-01-07 22:30:08.566]	dev.info	initialize/cron.go:19	Failed to parse int from *: strconv.Atoi: parsing "*": invalid syntax
[2024-01-07 22:41:11.172]	dev.info	gateway_go/main.go:28	log init success!
[2024-01-07 22:41:11.176]	dev.info	initialize/cron.go:19	Failed to parse int from *: strconv.Atoi: parsing "*": invalid syntax
[2024-01-07 22:41:25.859]	dev.info	gateway_go/main.go:28	log init success!
[2024-01-07 22:41:25.862]	dev.info	initialize/cron.go:19	Failed to parse int from *: strconv.Atoi: parsing "*": invalid syntax
[2024-01-07 22:41:45.144]	dev.info	gateway_go/main.go:28	log init success!
[2024-01-07 22:41:45.147]	dev.info	initialize/cron.go:19	Failed to parse int from *: strconv.Atoi: parsing "*": invalid syntax
[2024-01-09 10:46:13.041]	dev.info	gateway_go/main.go:28	log init success!
[2024-01-09 10:46:13.063]	dev.info	initialize/cron.go:19	Failed to parse int from *: strconv.Atoi: parsing "*": invalid syntax
[2024-01-09 11:59:31.354]	dev.info	gateway_go/main.go:28	log init success!
[2024-01-09 11:59:31.361]	dev.info	initialize/cron.go:19	Failed to parse int from *: strconv.Atoi: parsing "*": invalid syntax
[2024-01-09 13:46:38.286]	dev.info	gateway_go/main.go:28	log init success!
[2024-01-09 13:46:38.303]	dev.info	initialize/cron.go:19	Failed to parse int from *: strconv.Atoi: parsing "*": invalid syntax
[2024-01-09 20:16:14.790]	dev.info	gateway_go/main.go:28	log init success!
[2024-01-09 20:16:14.803]	dev.info	initialize/cron.go:19	Failed to parse int from *: strconv.Atoi: parsing "*": invalid syntax
[2024-01-09 21:38:33.755]	dev.info	gateway_go/main.go:28	log init success!
[2024-01-09 21:38:33.758]	dev.info	initialize/cron.go:19	Failed to parse int from *: strconv.Atoi: parsing "*": invalid syntax
[2024-01-10 14:49:36.362]	dev.info	gateway_go/main.go:28	log init success!
[2024-01-10 14:49:36.368]	dev.info	initialize/cron.go:19	Failed to parse int from *: strconv.Atoi: parsing "*": invalid syntax
[2024-03-05 23:15:27.651]	dev.info	gateway_go/main.go:28	log init success!
[2024-03-05 23:15:27.732]	dev.error	initialize/redis.go:18	Redis connect ping failed, err:	{"err": "dial tcp 127.0.0.1:6379: connect: connection refused"}
[2024-03-05 23:15:27.732]	dev.info	initialize/cron.go:19	Failed to parse int from *: strconv.Atoi: parsing "*": invalid syntax
[2024-03-05 23:35:24.410]	dev.info	gateway_go/main.go:28	log init success!
[2024-03-05 23:35:24.479]	dev.error	initialize/redis.go:18	Redis connect ping failed, err:	{"err": "dial tcp 127.0.0.1:6379: connect: connection refused"}
[2024-03-05 23:35:24.479]	dev.info	initialize/cron.go:19	Failed to parse int from *: strconv.Atoi: parsing "*": invalid syntax
[2024-03-06 17:18:50.266]	dev.info	gateway_go/main.go:28	log init success!
[2024-03-06 17:18:50.267]	dev.error	initialize/db.go:50	mysql connect failed, err:	{"err": "dial tcp 127.0.0.1:3306: connect: connection refused"}
[2024-03-06 17:18:50.335]	dev.error	initialize/redis.go:18	Redis connect ping failed, err:	{"err": "dial tcp 127.0.0.1:6379: connect: connection refused"}
[2024-03-06 17:18:50.335]	dev.info	initialize/cron.go:19	Failed to parse int from *: strconv.Atoi: parsing "*": invalid syntax
[2024-03-06 17:21:14.019]	dev.info	gateway_go/main.go:28	log init success!
[2024-03-06 17:21:14.020]	dev.error	initialize/db.go:50	mysql connect failed, err:	{"err": "dial tcp 127.0.0.1:3306: connect: connection refused"}
[2024-03-06 17:21:14.090]	dev.error	initialize/redis.go:18	Redis connect ping failed, err:	{"err": "dial tcp 127.0.0.1:6379: connect: connection refused"}
[2024-03-06 17:21:14.090]	dev.info	initialize/cron.go:19	Failed to parse int from *: strconv.Atoi: parsing "*": invalid syntax
[2024-03-06 17:22:14.879]	dev.info	gateway_go/main.go:28	log init success!
[2024-03-06 17:22:14.880]	dev.error	initialize/db.go:50	mysql connect failed, err:	{"err": "dial tcp 127.0.0.1:3306: connect: connection refused"}
[2024-03-06 17:22:14.946]	dev.error	initialize/redis.go:18	Redis connect ping failed, err:	{"err": "dial tcp 127.0.0.1:6379: connect: connection refused"}
[2024-03-06 17:22:14.946]	dev.info	initialize/cron.go:19	Failed to parse int from *: strconv.Atoi: parsing "*": invalid syntax
[2024-03-06 17:22:19.565]	dev.info	gateway_go/main.go:28	log init success!
[2024-03-06 17:22:19.566]	dev.error	initialize/db.go:50	mysql connect failed, err:	{"err": "dial tcp 127.0.0.1:3306: connect: connection refused"}
[2024-03-06 17:22:19.632]	dev.error	initialize/redis.go:18	Redis connect ping failed, err:	{"err": "dial tcp 127.0.0.1:6379: connect: connection refused"}
[2024-03-06 17:22:19.632]	dev.info	initialize/cron.go:19	Failed to parse int from *: strconv.Atoi: parsing "*": invalid syntax
[2024-03-06 17:22:48.271]	dev.info	gateway_go/main.go:28	log init success!
[2024-03-06 17:22:48.349]	dev.error	initialize/redis.go:18	Redis connect ping failed, err:	{"err": "dial tcp 127.0.0.1:6379: connect: connection refused"}
[2024-03-06 17:22:48.349]	dev.info	initialize/cron.go:19	Failed to parse int from *: strconv.Atoi: parsing "*": invalid syntax
[2024-03-06 17:23:18.061]	dev.info	gateway_go/main.go:28	log init success!
[2024-03-06 17:23:18.063]	dev.info	initialize/cron.go:19	Failed to parse int from *: strconv.Atoi: parsing "*": invalid syntax
[2024-03-06 22:47:09.910]	dev.info	gateway_go/main.go:28	log init success!
[2024-03-06 22:47:09.913]	dev.info	initialize/cron.go:19	Failed to parse int from *: strconv.Atoi: parsing "*": invalid syntax
[2024-03-06 22:57:58.763]	dev.info	gateway_go/main.go:28	log init success!
[2024-03-06 22:57:58.766]	dev.info	initialize/cron.go:19	Failed to parse int from *: strconv.Atoi: parsing "*": invalid syntax
[2024-03-06 23:10:23.390]	dev.info	gateway_go/main.go:28	log init success!
[2024-03-06 23:10:23.392]	dev.info	initialize/cron.go:19	Failed to parse int from *: strconv.Atoi: parsing "*": invalid syntax
[2024-03-06 23:11:22.904]	dev.info	gateway_go/main.go:28	log init success!
[2024-03-06 23:11:22.906]	dev.info	initialize/cron.go:19	Failed to parse int from *: strconv.Atoi: parsing "*": invalid syntax
[2024-03-06 23:14:55.889]	dev.info	gateway_go/main.go:28	log init success!
[2024-03-06 23:14:55.892]	dev.info	initialize/cron.go:19	Failed to parse int from *: strconv.Atoi: parsing "*": invalid syntax
[2024-03-06 23:28:49.895]	dev.info	gateway_go/main.go:28	log init success!
[2024-03-06 23:28:49.899]	dev.info	initialize/cron.go:19	Failed to parse int from *: strconv.Atoi: parsing "*": invalid syntax
[2024-03-06 23:32:58.632]	dev.info	gateway_go/main.go:28	log init success!
[2024-03-06 23:32:58.634]	dev.info	initialize/cron.go:19	Failed to parse int from *: strconv.Atoi: parsing "*": invalid syntax
[2024-03-07 15:30:10.131]	dev.info	gateway_go/main.go:28	log init success!
[2024-03-07 15:30:10.142]	dev.info	initialize/cron.go:19	Failed to parse int from *: strconv.Atoi: parsing "*": invalid syntax
[2024-03-07 15:39:31.077]	dev.info	gateway_go/main.go:28	log init success!
[2024-03-07 15:39:31.079]	dev.info	initialize/cron.go:19	Failed to parse int from *: strconv.Atoi: parsing "*": invalid syntax
[2024-03-07 16:22:14.233]	dev.info	gateway_go/main.go:28	log init success!
[2024-03-07 16:22:14.236]	dev.info	initialize/cron.go:19	Failed to parse int from *: strconv.Atoi: parsing "*": invalid syntax
[2024-03-07 16:22:16.272]	dev.info	gateway_go/main.go:28	log init success!
[2024-03-07 16:22:16.275]	dev.info	initialize/cron.go:19	Failed to parse int from *: strconv.Atoi: parsing "*": invalid syntax
[2024-03-08 00:02:13.464]	dev.info	gateway_go/main.go:28	log init success!
[2024-03-08 00:02:13.482]	dev.info	initialize/cron.go:19	Failed to parse int from *: strconv.Atoi: parsing "*": invalid syntax
[2024-03-08 21:00:18.851]	dev.info	gateway_go/main.go:28	log init success!
[2024-03-08 21:00:18.873]	dev.info	initialize/cron.go:19	Failed to parse int from *: strconv.Atoi: parsing "*": invalid syntax
[2024-03-08 21:09:03.646]	dev.info	gateway_go/main.go:28	log init success!
[2024-03-08 21:09:03.649]	dev.info	initialize/cron.go:19	Failed to parse int from *: strconv.Atoi: parsing "*": invalid syntax
[2024-03-08 21:10:20.490]	dev.info	gateway_go/main.go:28	log init success!
[2024-03-08 21:10:20.493]	dev.info	initialize/cron.go:19	Failed to parse int from *: strconv.Atoi: parsing "*": invalid syntax
[2024-03-08 21:11:26.416]	dev.info	gateway_go/main.go:28	log init success!
[2024-03-08 21:11:26.419]	dev.info	initialize/cron.go:19	Failed to parse int from *: strconv.Atoi: parsing "*": invalid syntax
[2024-03-08 21:12:01.256]	dev.info	gateway_go/main.go:28	log init success!
[2024-03-08 21:12:01.259]	dev.info	initialize/cron.go:19	Failed to parse int from *: strconv.Atoi: parsing "*": invalid syntax
[2024-03-08 21:16:38.603]	dev.info	gateway_go/main.go:28	log init success!
[2024-03-08 21:16:38.606]	dev.info	initialize/cron.go:19	Failed to parse int from *: strconv.Atoi: parsing "*": invalid syntax
[2024-03-08 21:17:13.853]	dev.info	gateway_go/main.go:28	log init success!
[2024-03-08 21:17:13.855]	dev.info	initialize/cron.go:19	Failed to parse int from *: strconv.Atoi: parsing "*": invalid syntax
[2024-03-08 21:17:16.053]	dev.info	gateway_go/main.go:28	log init success!
[2024-03-08 21:17:16.055]	dev.info	initialize/cron.go:19	Failed to parse int from *: strconv.Atoi: parsing "*": invalid syntax
[2024-03-08 21:26:58.870]	dev.info	gateway_go/main.go:28	log init success!
[2024-03-08 21:26:58.874]	dev.info	initialize/cron.go:19	Failed to parse int from *: strconv.Atoi: parsing "*": invalid syntax
[2024-03-08 21:47:49.061]	dev.info	gateway_go/main.go:28	log init success!
[2024-03-08 21:47:49.063]	dev.info	initialize/cron.go:19	Failed to parse int from *: strconv.Atoi: parsing "*": invalid syntax
[2024-03-08 21:48:51.442]	dev.info	gateway_go/main.go:28	log init success!
[2024-03-08 21:48:51.446]	dev.info	initialize/cron.go:19	Failed to parse int from *: strconv.Atoi: parsing "*": invalid syntax
[2024-03-08 21:52:00.687]	dev.info	gateway_go/main.go:28	log init success!
[2024-03-08 21:52:00.698]	dev.info	initialize/cron.go:19	Failed to parse int from *: strconv.Atoi: parsing "*": invalid syntax
[2024-03-14 11:43:52.631]	dev.info	gateway_go/main.go:28	log init success!
[2024-03-14 11:43:52.711]	dev.error	initialize/redis.go:18	Redis connect ping failed, err:	{"err": "dial tcp 127.0.0.1:6379: connect: connection refused"}
[2024-03-14 11:43:52.711]	dev.info	initialize/cron.go:19	Failed to parse int from *: strconv.Atoi: parsing "*": invalid syntax
[2024-03-14 16:01:43.919]	dev.info	gateway_go/main.go:28	log init success!
[2024-03-14 16:01:43.990]	dev.error	initialize/redis.go:18	Redis connect ping failed, err:	{"err": "dial tcp 127.0.0.1:6379: connect: connection refused"}
[2024-03-14 16:01:43.990]	dev.info	initialize/cron.go:19	Failed to parse int from *: strconv.Atoi: parsing "*": invalid syntax
[2024-03-14 16:03:03.690]	dev.info	gateway_go/main.go:28	log init success!
[2024-03-14 16:03:03.759]	dev.error	initialize/redis.go:18	Redis connect ping failed, err:	{"err": "dial tcp 127.0.0.1:6379: connect: connection refused"}
[2024-03-14 16:03:03.760]	dev.info	initialize/cron.go:19	Failed to parse int from *: strconv.Atoi: parsing "*": invalid syntax
[2024-03-14 16:06:51.577]	dev.info	gateway_go/main.go:28	log init success!
[2024-03-14 16:06:51.648]	dev.error	initialize/redis.go:18	Redis connect ping failed, err:	{"err": "dial tcp 127.0.0.1:6379: connect: connection refused"}
[2024-03-14 16:06:51.648]	dev.info	initialize/cron.go:19	Failed to parse int from *: strconv.Atoi: parsing "*": invalid syntax
[2024-03-14 16:08:10.554]	dev.info	gateway_go/main.go:28	log init success!
[2024-03-14 16:08:10.624]	dev.error	initialize/redis.go:18	Redis connect ping failed, err:	{"err": "dial tcp 127.0.0.1:6379: connect: connection refused"}
[2024-03-14 16:08:10.624]	dev.info	initialize/cron.go:19	Failed to parse int from *: strconv.Atoi: parsing "*": invalid syntax
[2024-03-14 16:11:03.388]	dev.info	gateway_go/main.go:28	log init success!
[2024-03-14 16:11:03.457]	dev.error	initialize/redis.go:18	Redis connect ping failed, err:	{"err": "dial tcp 127.0.0.1:6379: connect: connection refused"}
[2024-03-14 16:11:03.457]	dev.info	initialize/cron.go:19	Failed to parse int from *: strconv.Atoi: parsing "*": invalid syntax
[2024-03-14 16:12:51.864]	dev.info	gateway_go/main.go:28	log init success!
[2024-03-14 16:12:51.934]	dev.error	initialize/redis.go:18	Redis connect ping failed, err:	{"err": "dial tcp 127.0.0.1:6379: connect: connection refused"}
[2024-03-14 16:12:51.934]	dev.info	initialize/cron.go:19	Failed to parse int from *: strconv.Atoi: parsing "*": invalid syntax
[2024-03-14 16:15:17.137]	dev.info	gateway_go/main.go:28	log init success!
[2024-03-14 16:15:17.206]	dev.error	initialize/redis.go:18	Redis connect ping failed, err:	{"err": "dial tcp 127.0.0.1:6379: connect: connection refused"}
[2024-03-14 16:15:17.206]	dev.info	initialize/cron.go:19	Failed to parse int from *: strconv.Atoi: parsing "*": invalid syntax
[2024-03-14 16:18:23.704]	dev.info	gateway_go/main.go:28	log init success!
[2024-03-14 16:18:23.772]	dev.error	initialize/redis.go:18	Redis connect ping failed, err:	{"err": "dial tcp 127.0.0.1:6379: connect: connection refused"}
[2024-03-14 16:18:23.772]	dev.info	initialize/cron.go:19	Failed to parse int from *: strconv.Atoi: parsing "*": invalid syntax
[2024-03-14 16:19:54.931]	dev.info	gateway_go/main.go:28	log init success!
[2024-03-14 16:19:55.001]	dev.error	initialize/redis.go:18	Redis connect ping failed, err:	{"err": "dial tcp 127.0.0.1:6379: connect: connection refused"}
[2024-03-14 16:19:55.001]	dev.info	initialize/cron.go:19	Failed to parse int from *: strconv.Atoi: parsing "*": invalid syntax
[2024-03-14 16:20:29.285]	dev.info	gateway_go/main.go:28	log init success!
[2024-03-14 16:20:29.353]	dev.error	initialize/redis.go:18	Redis connect ping failed, err:	{"err": "dial tcp 127.0.0.1:6379: connect: connection refused"}
[2024-03-14 16:20:29.353]	dev.info	initialize/cron.go:19	Failed to parse int from *: strconv.Atoi: parsing "*": invalid syntax
[2024-03-14 16:20:31.031]	dev.info	gateway_go/main.go:28	log init success!
[2024-03-14 16:20:31.101]	dev.error	initialize/redis.go:18	Redis connect ping failed, err:	{"err": "dial tcp 127.0.0.1:6379: connect: connection refused"}
[2024-03-14 16:20:31.101]	dev.info	initialize/cron.go:19	Failed to parse int from *: strconv.Atoi: parsing "*": invalid syntax
[2024-03-14 16:21:55.188]	dev.info	gateway_go/main.go:28	log init success!
[2024-03-14 16:21:55.257]	dev.error	initialize/redis.go:18	Redis connect ping failed, err:	{"err": "dial tcp 127.0.0.1:6379: connect: connection refused"}
[2024-03-14 16:21:55.257]	dev.info	initialize/cron.go:19	Failed to parse int from *: strconv.Atoi: parsing "*": invalid syntax
[2024-03-14 16:22:24.375]	dev.info	gateway_go/main.go:28	log init success!
[2024-03-14 16:22:24.443]	dev.error	initialize/redis.go:18	Redis connect ping failed, err:	{"err": "dial tcp 127.0.0.1:6379: connect: connection refused"}
[2024-03-14 16:22:24.444]	dev.info	initialize/cron.go:19	Failed to parse int from *: strconv.Atoi: parsing "*": invalid syntax
[2024-03-14 16:22:30.464]	dev.info	gateway_go/main.go:28	log init success!
[2024-03-14 16:22:30.532]	dev.error	initialize/redis.go:18	Redis connect ping failed, err:	{"err": "dial tcp 127.0.0.1:6379: connect: connection refused"}
[2024-03-14 16:22:30.533]	dev.info	initialize/cron.go:19	Failed to parse int from *: strconv.Atoi: parsing "*": invalid syntax
[2024-03-14 16:35:20.271]	dev.info	gateway_go/main.go:28	log init success!
[2024-03-14 16:35:20.341]	dev.error	initialize/redis.go:18	Redis connect ping failed, err:	{"err": "dial tcp 127.0.0.1:6379: connect: connection refused"}
[2024-03-14 16:35:20.341]	dev.info	initialize/cron.go:19	Failed to parse int from *: strconv.Atoi: parsing "*": invalid syntax
[2024-03-14 16:35:52.133]	dev.info	gateway_go/main.go:28	log init success!
[2024-03-14 16:35:52.202]	dev.error	initialize/redis.go:18	Redis connect ping failed, err:	{"err": "dial tcp 127.0.0.1:6379: connect: connection refused"}
[2024-03-14 16:35:52.202]	dev.info	initialize/cron.go:19	Failed to parse int from *: strconv.Atoi: parsing "*": invalid syntax
[2024-03-14 16:36:37.358]	dev.info	gateway_go/main.go:28	log init success!
[2024-03-14 16:36:37.426]	dev.error	initialize/redis.go:18	Redis connect ping failed, err:	{"err": "dial tcp 127.0.0.1:6379: connect: connection refused"}
[2024-03-14 16:36:37.426]	dev.info	initialize/cron.go:19	Failed to parse int from *: strconv.Atoi: parsing "*": invalid syntax
[2024-03-14 16:37:05.447]	dev.info	gateway_go/main.go:28	log init success!
[2024-03-14 16:37:05.517]	dev.error	initialize/redis.go:18	Redis connect ping failed, err:	{"err": "dial tcp 127.0.0.1:6379: connect: connection refused"}
[2024-03-14 16:37:05.517]	dev.info	initialize/cron.go:19	Failed to parse int from *: strconv.Atoi: parsing "*": invalid syntax
[2024-03-14 16:39:20.019]	dev.info	gateway_go/main.go:28	log init success!
[2024-03-14 16:39:20.088]	dev.error	initialize/redis.go:18	Redis connect ping failed, err:	{"err": "dial tcp 127.0.0.1:6379: connect: connection refused"}
[2024-03-14 16:39:20.088]	dev.info	initialize/cron.go:19	Failed to parse int from *: strconv.Atoi: parsing "*": invalid syntax
[2024-03-14 16:40:11.762]	dev.info	gateway_go/main.go:28	log init success!
[2024-03-14 16:40:11.832]	dev.error	initialize/redis.go:18	Redis connect ping failed, err:	{"err": "dial tcp 127.0.0.1:6379: connect: connection refused"}
[2024-03-14 16:40:11.832]	dev.info	initialize/cron.go:19	Failed to parse int from *: strconv.Atoi: parsing "*": invalid syntax
[2024-03-14 16:40:27.225]	dev.info	gateway_go/main.go:28	log init success!
[2024-03-14 16:40:27.294]	dev.error	initialize/redis.go:18	Redis connect ping failed, err:	{"err": "dial tcp 127.0.0.1:6379: connect: connection refused"}
[2024-03-14 16:40:27.295]	dev.info	initialize/cron.go:19	Failed to parse int from *: strconv.Atoi: parsing "*": invalid syntax
[2024-03-14 16:40:27.711]	dev.info	gateway_go/main.go:28	log init success!
[2024-03-14 16:40:27.781]	dev.error	initialize/redis.go:18	Redis connect ping failed, err:	{"err": "dial tcp 127.0.0.1:6379: connect: connection refused"}
[2024-03-14 16:40:27.781]	dev.info	initialize/cron.go:19	Failed to parse int from *: strconv.Atoi: parsing "*": invalid syntax
[2024-03-14 16:40:28.159]	dev.info	gateway_go/main.go:28	log init success!
[2024-03-14 16:40:28.227]	dev.error	initialize/redis.go:18	Redis connect ping failed, err:	{"err": "dial tcp 127.0.0.1:6379: connect: connection refused"}
[2024-03-14 16:40:28.227]	dev.info	initialize/cron.go:19	Failed to parse int from *: strconv.Atoi: parsing "*": invalid syntax
[2024-03-14 16:40:29.801]	dev.info	gateway_go/main.go:28	log init success!
[2024-03-14 16:40:29.871]	dev.error	initialize/redis.go:18	Redis connect ping failed, err:	{"err": "dial tcp 127.0.0.1:6379: connect: connection refused"}
[2024-03-14 16:40:29.871]	dev.info	initialize/cron.go:19	Failed to parse int from *: strconv.Atoi: parsing "*": invalid syntax
[2024-03-14 16:41:19.113]	dev.info	gateway_go/main.go:28	log init success!
[2024-03-14 16:41:19.181]	dev.error	initialize/redis.go:18	Redis connect ping failed, err:	{"err": "dial tcp 127.0.0.1:6379: connect: connection refused"}
[2024-03-14 16:41:19.182]	dev.info	initialize/cron.go:19	Failed to parse int from *: strconv.Atoi: parsing "*": invalid syntax
[2024-03-14 16:43:29.535]	dev.info	gateway_go/main.go:28	log init success!
[2024-03-14 16:43:29.605]	dev.error	initialize/redis.go:18	Redis connect ping failed, err:	{"err": "dial tcp 127.0.0.1:6379: connect: connection refused"}
[2024-03-14 16:43:29.605]	dev.info	initialize/cron.go:19	Failed to parse int from *: strconv.Atoi: parsing "*": invalid syntax
[2024-03-14 16:52:58.760]	dev.info	gateway_go/main.go:28	log init success!
[2024-03-14 16:52:58.830]	dev.error	initialize/redis.go:18	Redis connect ping failed, err:	{"err": "dial tcp 127.0.0.1:6379: connect: connection refused"}
[2024-03-14 16:52:58.830]	dev.info	initialize/cron.go:19	Failed to parse int from *: strconv.Atoi: parsing "*": invalid syntax
[2024-03-14 16:55:24.675]	dev.info	gateway_go/main.go:28	log init success!
[2024-03-14 16:55:24.744]	dev.error	initialize/redis.go:18	Redis connect ping failed, err:	{"err": "dial tcp 127.0.0.1:6379: connect: connection refused"}
[2024-03-14 16:55:24.744]	dev.info	initialize/cron.go:19	Failed to parse int from *: strconv.Atoi: parsing "*": invalid syntax
[2024-03-14 16:56:28.823]	dev.info	gateway_go/main.go:28	log init success!
[2024-03-14 16:56:28.892]	dev.error	initialize/redis.go:18	Redis connect ping failed, err:	{"err": "dial tcp 127.0.0.1:6379: connect: connection refused"}
[2024-03-14 16:56:28.892]	dev.info	initialize/cron.go:19	Failed to parse int from *: strconv.Atoi: parsing "*": invalid syntax
[2024-03-14 16:56:48.391]	dev.info	gateway_go/main.go:28	log init success!
[2024-03-14 16:56:48.461]	dev.error	initialize/redis.go:18	Redis connect ping failed, err:	{"err": "dial tcp 127.0.0.1:6379: connect: connection refused"}
[2024-03-14 16:56:48.461]	dev.info	initialize/cron.go:19	Failed to parse int from *: strconv.Atoi: parsing "*": invalid syntax
[2024-03-14 16:58:01.079]	dev.info	gateway_go/main.go:28	log init success!
[2024-03-14 16:58:01.148]	dev.error	initialize/redis.go:18	Redis connect ping failed, err:	{"err": "dial tcp 127.0.0.1:6379: connect: connection refused"}
[2024-03-14 16:58:01.148]	dev.info	initialize/cron.go:19	Failed to parse int from *: strconv.Atoi: parsing "*": invalid syntax
[2024-03-14 16:58:40.672]	dev.info	gateway_go/main.go:28	log init success!
[2024-03-14 16:58:40.746]	dev.error	initialize/redis.go:18	Redis connect ping failed, err:	{"err": "dial tcp 127.0.0.1:6379: connect: connection refused"}
[2024-03-14 16:58:40.746]	dev.info	initialize/cron.go:19	Failed to parse int from *: strconv.Atoi: parsing "*": invalid syntax
[2024-03-14 17:41:48.624]	dev.info	gateway_go/main.go:28	log init success!
[2024-03-14 17:41:48.695]	dev.error	initialize/redis.go:18	Redis connect ping failed, err:	{"err": "dial tcp 127.0.0.1:6379: connect: connection refused"}
[2024-03-14 17:41:48.695]	dev.info	initialize/cron.go:19	Failed to parse int from *: strconv.Atoi: parsing "*": invalid syntax
[2024-03-14 18:01:53.562]	dev.info	gateway_go/main.go:28	log init success!
[2024-03-14 18:01:53.631]	dev.error	initialize/redis.go:18	Redis connect ping failed, err:	{"err": "dial tcp 127.0.0.1:6379: connect: connection refused"}
[2024-03-14 18:01:53.631]	dev.info	initialize/cron.go:19	Failed to parse int from *: strconv.Atoi: parsing "*": invalid syntax
[2024-03-14 18:04:20.436]	dev.info	gateway_go/main.go:28	log init success!
[2024-03-14 18:04:20.506]	dev.error	initialize/redis.go:18	Redis connect ping failed, err:	{"err": "dial tcp 127.0.0.1:6379: connect: connection refused"}
[2024-03-14 18:04:20.506]	dev.info	initialize/cron.go:19	Failed to parse int from *: strconv.Atoi: parsing "*": invalid syntax
[2024-03-14 18:04:42.620]	dev.info	gateway_go/main.go:28	log init success!
[2024-03-14 18:04:42.689]	dev.error	initialize/redis.go:18	Redis connect ping failed, err:	{"err": "dial tcp 127.0.0.1:6379: connect: connection refused"}
[2024-03-14 18:04:42.689]	dev.info	initialize/cron.go:19	Failed to parse int from *: strconv.Atoi: parsing "*": invalid syntax
[2024-03-14 18:07:51.372]	dev.info	gateway_go/main.go:28	log init success!
[2024-03-14 18:07:51.440]	dev.error	initialize/redis.go:18	Redis connect ping failed, err:	{"err": "dial tcp 127.0.0.1:6379: connect: connection refused"}
[2024-03-14 18:07:51.440]	dev.info	initialize/cron.go:19	Failed to parse int from *: strconv.Atoi: parsing "*": invalid syntax
[2024-03-14 18:08:30.356]	dev.info	gateway_go/main.go:28	log init success!
[2024-03-14 18:08:30.426]	dev.error	initialize/redis.go:18	Redis connect ping failed, err:	{"err": "dial tcp 127.0.0.1:6379: connect: connection refused"}
[2024-03-14 18:08:30.428]	dev.info	initialize/cron.go:19	Failed to parse int from *: strconv.Atoi: parsing "*": invalid syntax
[2024-03-14 18:09:13.760]	dev.info	gateway_go/main.go:28	log init success!
[2024-03-14 18:09:13.830]	dev.error	initialize/redis.go:18	Redis connect ping failed, err:	{"err": "dial tcp 127.0.0.1:6379: connect: connection refused"}
[2024-03-14 18:09:13.830]	dev.info	initialize/cron.go:19	Failed to parse int from *: strconv.Atoi: parsing "*": invalid syntax
[2024-03-14 18:09:51.822]	dev.info	gateway_go/main.go:28	log init success!
[2024-03-14 18:09:51.890]	dev.error	initialize/redis.go:18	Redis connect ping failed, err:	{"err": "dial tcp 127.0.0.1:6379: connect: connection refused"}
[2024-03-14 18:09:51.891]	dev.info	initialize/cron.go:19	Failed to parse int from *: strconv.Atoi: parsing "*": invalid syntax
[2024-03-14 18:11:03.071]	dev.info	gateway_go/main.go:28	log init success!
[2024-03-14 18:11:03.141]	dev.error	initialize/redis.go:18	Redis connect ping failed, err:	{"err": "dial tcp 127.0.0.1:6379: connect: connection refused"}
[2024-03-14 18:11:03.141]	dev.info	initialize/cron.go:19	Failed to parse int from *: strconv.Atoi: parsing "*": invalid syntax
[2024-03-14 18:12:19.534]	dev.info	gateway_go/main.go:28	log init success!
[2024-03-14 18:12:19.603]	dev.error	initialize/redis.go:18	Redis connect ping failed, err:	{"err": "dial tcp 127.0.0.1:6379: connect: connection refused"}
[2024-03-14 18:12:19.603]	dev.info	initialize/cron.go:19	Failed to parse int from *: strconv.Atoi: parsing "*": invalid syntax
[2024-03-14 18:14:47.479]	dev.info	gateway_go/main.go:28	log init success!
[2024-03-14 18:14:47.548]	dev.error	initialize/redis.go:18	Redis connect ping failed, err:	{"err": "dial tcp 127.0.0.1:6379: connect: connection refused"}
[2024-03-14 18:14:47.548]	dev.info	initialize/cron.go:19	Failed to parse int from *: strconv.Atoi: parsing "*": invalid syntax
[2024-03-14 18:16:25.029]	dev.info	gateway_go/main.go:28	log init success!
[2024-03-14 18:16:25.098]	dev.error	initialize/redis.go:18	Redis connect ping failed, err:	{"err": "dial tcp 127.0.0.1:6379: connect: connection refused"}
[2024-03-14 18:16:25.098]	dev.info	initialize/cron.go:19	Failed to parse int from *: strconv.Atoi: parsing "*": invalid syntax
[2024-03-14 18:18:34.920]	dev.info	gateway_go/main.go:28	log init success!
[2024-03-14 18:18:34.988]	dev.error	initialize/redis.go:18	Redis connect ping failed, err:	{"err": "dial tcp 127.0.0.1:6379: connect: connection refused"}
[2024-03-14 18:18:34.988]	dev.info	initialize/cron.go:19	Failed to parse int from *: strconv.Atoi: parsing "*": invalid syntax
[2024-03-14 18:18:53.963]	dev.info	gateway_go/main.go:28	log init success!
[2024-03-14 18:18:54.030]	dev.error	initialize/redis.go:18	Redis connect ping failed, err:	{"err": "dial tcp 127.0.0.1:6379: connect: connection refused"}
[2024-03-14 18:18:54.031]	dev.info	initialize/cron.go:19	Failed to parse int from *: strconv.Atoi: parsing "*": invalid syntax
[2024-03-14 18:19:19.425]	dev.info	gateway_go/main.go:28	log init success!
[2024-03-14 18:19:19.493]	dev.error	initialize/redis.go:18	Redis connect ping failed, err:	{"err": "dial tcp 127.0.0.1:6379: connect: connection refused"}
[2024-03-14 18:19:19.493]	dev.info	initialize/cron.go:19	Failed to parse int from *: strconv.Atoi: parsing "*": invalid syntax
[2024-03-14 18:21:01.171]	dev.info	gateway_go/main.go:28	log init success!
[2024-03-14 18:21:01.243]	dev.error	initialize/redis.go:18	Redis connect ping failed, err:	{"err": "dial tcp 127.0.0.1:6379: connect: connection refused"}
[2024-03-14 18:21:01.243]	dev.info	initialize/cron.go:19	Failed to parse int from *: strconv.Atoi: parsing "*": invalid syntax
[2024-03-15 00:40:54.320]	dev.info	gateway_go/main.go:28	log init success!
[2024-03-15 00:40:54.390]	dev.error	initialize/redis.go:18	Redis connect ping failed, err:	{"err": "dial tcp 127.0.0.1:6379: connect: connection refused"}
[2024-03-15 00:40:54.390]	dev.info	initialize/cron.go:19	Failed to parse int from *: strconv.Atoi: parsing "*": invalid syntax
[2024-03-15 00:44:34.551]	dev.info	gateway_go/main.go:28	log init success!
[2024-03-15 00:44:34.621]	dev.error	initialize/redis.go:18	Redis connect ping failed, err:	{"err": "dial tcp 127.0.0.1:6379: connect: connection refused"}
[2024-03-15 00:44:34.621]	dev.info	initialize/cron.go:19	Failed to parse int from *: strconv.Atoi: parsing "*": invalid syntax
[2024-03-15 00:45:05.557]	dev.info	gateway_go/main.go:28	log init success!
[2024-03-15 00:45:05.627]	dev.error	initialize/redis.go:18	Redis connect ping failed, err:	{"err": "dial tcp 127.0.0.1:6379: connect: connection refused"}
[2024-03-15 00:45:05.627]	dev.info	initialize/cron.go:19	Failed to parse int from *: strconv.Atoi: parsing "*": invalid syntax
[2024-03-15 00:45:45.712]	dev.info	gateway_go/main.go:28	log init success!
[2024-03-15 00:45:45.780]	dev.error	initialize/redis.go:18	Redis connect ping failed, err:	{"err": "dial tcp 127.0.0.1:6379: connect: connection refused"}
[2024-03-15 00:45:45.780]	dev.info	initialize/cron.go:19	Failed to parse int from *: strconv.Atoi: parsing "*": invalid syntax
[2024-03-15 00:46:34.524]	dev.info	gateway_go/main.go:28	log init success!
[2024-03-15 00:46:34.594]	dev.error	initialize/redis.go:18	Redis connect ping failed, err:	{"err": "dial tcp 127.0.0.1:6379: connect: connection refused"}
[2024-03-15 00:46:34.594]	dev.info	initialize/cron.go:19	Failed to parse int from *: strconv.Atoi: parsing "*": invalid syntax
[2024-03-15 00:47:42.774]	dev.info	gateway_go/main.go:28	log init success!
[2024-03-15 00:47:42.843]	dev.error	initialize/redis.go:18	Redis connect ping failed, err:	{"err": "dial tcp 127.0.0.1:6379: connect: connection refused"}
[2024-03-15 00:47:42.843]	dev.info	initialize/cron.go:19	Failed to parse int from *: strconv.Atoi: parsing "*": invalid syntax
[2024-03-15 00:49:20.166]	dev.info	gateway_go/main.go:28	log init success!
[2024-03-15 00:49:20.234]	dev.error	initialize/redis.go:18	Redis connect ping failed, err:	{"err": "dial tcp 127.0.0.1:6379: connect: connection refused"}
[2024-03-15 00:49:20.234]	dev.info	initialize/cron.go:19	Failed to parse int from *: strconv.Atoi: parsing "*": invalid syntax
[2024-03-15 00:49:24.745]	dev.info	gateway_go/main.go:28	log init success!
[2024-03-15 00:49:24.814]	dev.error	initialize/redis.go:18	Redis connect ping failed, err:	{"err": "dial tcp 127.0.0.1:6379: connect: connection refused"}
[2024-03-15 00:49:24.814]	dev.info	initialize/cron.go:19	Failed to parse int from *: strconv.Atoi: parsing "*": invalid syntax
[2024-03-15 00:49:25.119]	dev.info	gateway_go/main.go:28	log init success!
[2024-03-15 00:49:25.188]	dev.error	initialize/redis.go:18	Redis connect ping failed, err:	{"err": "dial tcp 127.0.0.1:6379: connect: connection refused"}
[2024-03-15 00:49:25.188]	dev.info	initialize/cron.go:19	Failed to parse int from *: strconv.Atoi: parsing "*": invalid syntax
[2024-03-15 00:49:25.727]	dev.info	gateway_go/main.go:28	log init success!
[2024-03-15 00:49:25.796]	dev.error	initialize/redis.go:18	Redis connect ping failed, err:	{"err": "dial tcp 127.0.0.1:6379: connect: connection refused"}
[2024-03-15 00:49:25.796]	dev.info	initialize/cron.go:19	Failed to parse int from *: strconv.Atoi: parsing "*": invalid syntax
[2024-03-15 00:50:13.978]	dev.info	gateway_go/main.go:28	log init success!
[2024-03-15 00:50:14.048]	dev.error	initialize/redis.go:18	Redis connect ping failed, err:	{"err": "dial tcp 127.0.0.1:6379: connect: connection refused"}
[2024-03-15 00:50:14.048]	dev.info	initialize/cron.go:19	Failed to parse int from *: strconv.Atoi: parsing "*": invalid syntax
[2024-03-15 01:07:51.550]	dev.info	gateway_go/main.go:28	log init success!
[2024-03-15 01:07:51.618]	dev.error	initialize/redis.go:18	Redis connect ping failed, err:	{"err": "dial tcp 127.0.0.1:6379: connect: connection refused"}
[2024-03-15 01:07:51.618]	dev.info	initialize/cron.go:19	Failed to parse int from *: strconv.Atoi: parsing "*": invalid syntax
[2024-03-15 01:19:57.387]	dev.info	gateway_go/main.go:28	log init success!
[2024-03-15 01:19:57.457]	dev.error	initialize/redis.go:18	Redis connect ping failed, err:	{"err": "dial tcp 127.0.0.1:6379: connect: connection refused"}
[2024-03-15 01:19:57.457]	dev.info	initialize/cron.go:19	Failed to parse int from *: strconv.Atoi: parsing "*": invalid syntax
[2024-03-15 01:21:01.337]	dev.info	gateway_go/main.go:28	log init success!
[2024-03-15 01:21:01.405]	dev.error	initialize/redis.go:18	Redis connect ping failed, err:	{"err": "dial tcp 127.0.0.1:6379: connect: connection refused"}
[2024-03-15 01:21:01.405]	dev.info	initialize/cron.go:19	Failed to parse int from *: strconv.Atoi: parsing "*": invalid syntax
[2024-03-15 01:21:43.511]	dev.info	gateway_go/main.go:28	log init success!
[2024-03-15 01:21:43.580]	dev.error	initialize/redis.go:18	Redis connect ping failed, err:	{"err": "dial tcp 127.0.0.1:6379: connect: connection refused"}
[2024-03-15 01:21:43.580]	dev.info	initialize/cron.go:19	Failed to parse int from *: strconv.Atoi: parsing "*": invalid syntax
[2024-03-15 01:22:21.318]	dev.info	gateway_go/main.go:28	log init success!
[2024-03-15 01:22:21.389]	dev.error	initialize/redis.go:18	Redis connect ping failed, err:	{"err": "dial tcp 127.0.0.1:6379: connect: connection refused"}
[2024-03-15 01:22:21.389]	dev.info	initialize/cron.go:19	Failed to parse int from *: strconv.Atoi: parsing "*": invalid syntax
[2024-03-15 01:22:42.236]	dev.info	gateway_go/main.go:28	log init success!
[2024-03-15 01:22:42.304]	dev.error	initialize/redis.go:18	Redis connect ping failed, err:	{"err": "dial tcp 127.0.0.1:6379: connect: connection refused"}
[2024-03-15 01:22:42.304]	dev.info	initialize/cron.go:19	Failed to parse int from *: strconv.Atoi: parsing "*": invalid syntax
[2024-03-15 01:29:27.853]	dev.info	gateway_go/main.go:28	log init success!
[2024-03-15 01:29:27.922]	dev.error	initialize/redis.go:18	Redis connect ping failed, err:	{"err": "dial tcp 127.0.0.1:6379: connect: connection refused"}
[2024-03-15 01:29:27.922]	dev.info	initialize/cron.go:19	Failed to parse int from *: strconv.Atoi: parsing "*": invalid syntax
[2024-03-15 01:32:10.405]	dev.info	gateway_go/main.go:28	log init success!
[2024-03-15 01:32:10.474]	dev.error	initialize/redis.go:18	Redis connect ping failed, err:	{"err": "dial tcp 127.0.0.1:6379: connect: connection refused"}
[2024-03-15 01:32:10.474]	dev.info	initialize/cron.go:19	Failed to parse int from *: strconv.Atoi: parsing "*": invalid syntax
[2024-03-15 01:33:51.891]	dev.info	gateway_go/main.go:28	log init success!
[2024-03-15 01:33:51.960]	dev.error	initialize/redis.go:18	Redis connect ping failed, err:	{"err": "dial tcp 127.0.0.1:6379: connect: connection refused"}
[2024-03-15 01:33:51.960]	dev.info	initialize/cron.go:19	Failed to parse int from *: strconv.Atoi: parsing "*": invalid syntax
[2024-03-15 11:33:26.656]	dev.info	gateway_go/main.go:28	log init success!
[2024-03-15 11:33:26.657]	dev.error	initialize/db.go:50	mysql connect failed, err:	{"err": "dial tcp 127.0.0.1:3306: connect: connection refused"}
[2024-03-15 11:33:26.725]	dev.error	initialize/redis.go:18	Redis connect ping failed, err:	{"err": "dial tcp 127.0.0.1:6379: connect: connection refused"}
[2024-03-15 11:33:26.725]	dev.info	initialize/cron.go:19	Failed to parse int from *: strconv.Atoi: parsing "*": invalid syntax
[2024-03-15 11:37:48.719]	dev.info	gateway_go/main.go:28	log init success!
[2024-03-15 11:37:48.719]	dev.error	initialize/db.go:50	mysql connect failed, err:	{"err": "dial tcp 127.0.0.1:3306: connect: connection refused"}
[2024-03-15 11:37:48.787]	dev.error	initialize/redis.go:18	Redis connect ping failed, err:	{"err": "dial tcp 127.0.0.1:6379: connect: connection refused"}
[2024-03-15 11:37:48.787]	dev.info	initialize/cron.go:19	Failed to parse int from *: strconv.Atoi: parsing "*": invalid syntax
[2024-03-15 11:38:32.566]	dev.info	gateway_go/main.go:28	log init success!
[2024-03-15 11:38:32.567]	dev.error	initialize/db.go:50	mysql connect failed, err:	{"err": "dial tcp 127.0.0.1:3306: connect: connection refused"}
[2024-03-15 11:38:32.634]	dev.error	initialize/redis.go:18	Redis connect ping failed, err:	{"err": "dial tcp 127.0.0.1:6379: connect: connection refused"}
[2024-03-15 11:38:32.634]	dev.info	initialize/cron.go:19	Failed to parse int from *: strconv.Atoi: parsing "*": invalid syntax
[2024-03-15 11:39:10.035]	dev.info	gateway_go/main.go:28	log init success!
[2024-03-15 11:39:10.035]	dev.error	initialize/db.go:50	mysql connect failed, err:	{"err": "dial tcp 127.0.0.1:3306: connect: connection refused"}
[2024-03-15 11:39:10.103]	dev.error	initialize/redis.go:18	Redis connect ping failed, err:	{"err": "dial tcp 127.0.0.1:6379: connect: connection refused"}
[2024-03-15 11:39:10.103]	dev.info	initialize/cron.go:19	Failed to parse int from *: strconv.Atoi: parsing "*": invalid syntax
[2024-03-15 11:39:56.323]	dev.info	gateway_go/main.go:28	log init success!
[2024-03-15 11:39:56.324]	dev.error	initialize/db.go:50	mysql connect failed, err:	{"err": "dial tcp 127.0.0.1:3306: connect: connection refused"}
[2024-03-15 11:39:56.391]	dev.error	initialize/redis.go:18	Redis connect ping failed, err:	{"err": "dial tcp 127.0.0.1:6379: connect: connection refused"}
[2024-03-15 11:39:56.391]	dev.info	initialize/cron.go:19	Failed to parse int from *: strconv.Atoi: parsing "*": invalid syntax
[2024-03-15 11:46:33.342]	dev.info	gateway_go/main.go:28	log init success!
[2024-03-15 11:46:33.343]	dev.error	initialize/db.go:50	mysql connect failed, err:	{"err": "dial tcp 127.0.0.1:3306: connect: connection refused"}
[2024-03-15 11:46:33.411]	dev.error	initialize/redis.go:18	Redis connect ping failed, err:	{"err": "dial tcp 127.0.0.1:6379: connect: connection refused"}
[2024-03-15 11:46:33.411]	dev.info	initialize/cron.go:19	Failed to parse int from *: strconv.Atoi: parsing "*": invalid syntax
[2024-03-15 11:47:56.444]	dev.info	gateway_go/main.go:28	log init success!
[2024-03-15 11:47:56.445]	dev.error	initialize/db.go:50	mysql connect failed, err:	{"err": "dial tcp 127.0.0.1:3306: connect: connection refused"}
[2024-03-15 11:47:56.512]	dev.error	initialize/redis.go:18	Redis connect ping failed, err:	{"err": "dial tcp 127.0.0.1:6379: connect: connection refused"}
[2024-03-15 11:47:56.512]	dev.info	initialize/cron.go:19	Failed to parse int from *: strconv.Atoi: parsing "*": invalid syntax
[2024-03-15 11:50:13.844]	dev.info	gateway_go/main.go:28	log init success!
[2024-03-15 11:50:13.845]	dev.error	initialize/db.go:50	mysql connect failed, err:	{"err": "dial tcp 127.0.0.1:3306: connect: connection refused"}
[2024-03-15 11:50:13.913]	dev.error	initialize/redis.go:18	Redis connect ping failed, err:	{"err": "dial tcp 127.0.0.1:6379: connect: connection refused"}
[2024-03-15 11:50:13.913]	dev.info	initialize/cron.go:19	Failed to parse int from *: strconv.Atoi: parsing "*": invalid syntax
[2024-03-15 11:53:59.969]	dev.info	gateway_go/main.go:28	log init success!
[2024-03-15 11:53:59.970]	dev.error	initialize/db.go:50	mysql connect failed, err:	{"err": "dial tcp 127.0.0.1:3306: connect: connection refused"}
[2024-03-15 11:54:00.037]	dev.error	initialize/redis.go:18	Redis connect ping failed, err:	{"err": "dial tcp 127.0.0.1:6379: connect: connection refused"}
[2024-03-15 11:54:00.037]	dev.info	initialize/cron.go:19	Failed to parse int from *: strconv.Atoi: parsing "*": invalid syntax
[2024-03-15 11:55:14.732]	dev.info	gateway_go/main.go:28	log init success!
[2024-03-15 11:55:14.733]	dev.error	initialize/db.go:50	mysql connect failed, err:	{"err": "dial tcp 127.0.0.1:3306: connect: connection refused"}
[2024-03-15 11:55:14.800]	dev.error	initialize/redis.go:18	Redis connect ping failed, err:	{"err": "dial tcp 127.0.0.1:6379: connect: connection refused"}
[2024-03-15 11:55:14.800]	dev.info	initialize/cron.go:19	Failed to parse int from *: strconv.Atoi: parsing "*": invalid syntax
[2024-03-15 11:55:50.670]	dev.info	gateway_go/main.go:28	log init success!
[2024-03-15 11:55:50.671]	dev.error	initialize/db.go:50	mysql connect failed, err:	{"err": "dial tcp 127.0.0.1:3306: connect: connection refused"}
[2024-03-15 11:55:50.739]	dev.error	initialize/redis.go:18	Redis connect ping failed, err:	{"err": "dial tcp 127.0.0.1:6379: connect: connection refused"}
[2024-03-15 11:55:50.739]	dev.info	initialize/cron.go:19	Failed to parse int from *: strconv.Atoi: parsing "*": invalid syntax
[2024-03-15 11:57:00.287]	dev.info	gateway_go/main.go:28	log init success!
[2024-03-15 11:57:00.288]	dev.error	initialize/db.go:50	mysql connect failed, err:	{"err": "dial tcp 127.0.0.1:3306: connect: connection refused"}
[2024-03-15 11:57:00.356]	dev.error	initialize/redis.go:18	Redis connect ping failed, err:	{"err": "dial tcp 127.0.0.1:6379: connect: connection refused"}
[2024-03-15 11:57:00.356]	dev.info	initialize/cron.go:19	Failed to parse int from *: strconv.Atoi: parsing "*": invalid syntax
[2024-03-15 12:10:05.799]	dev.info	gateway_go/main.go:28	log init success!
[2024-03-15 12:10:05.799]	dev.error	initialize/db.go:50	mysql connect failed, err:	{"err": "dial tcp 127.0.0.1:3306: connect: connection refused"}
[2024-03-15 12:10:05.867]	dev.error	initialize/redis.go:18	Redis connect ping failed, err:	{"err": "dial tcp 127.0.0.1:6379: connect: connection refused"}
[2024-03-15 12:10:05.867]	dev.info	initialize/cron.go:19	Failed to parse int from *: strconv.Atoi: parsing "*": invalid syntax
[2024-03-15 12:13:58.776]	dev.info	gateway_go/main.go:28	log init success!
[2024-03-15 12:13:58.777]	dev.error	initialize/db.go:50	mysql connect failed, err:	{"err": "dial tcp 127.0.0.1:3306: connect: connection refused"}
[2024-03-15 12:13:58.845]	dev.error	initialize/redis.go:18	Redis connect ping failed, err:	{"err": "dial tcp 127.0.0.1:6379: connect: connection refused"}
[2024-03-15 12:13:58.845]	dev.info	initialize/cron.go:19	Failed to parse int from *: strconv.Atoi: parsing "*": invalid syntax
[2024-03-15 12:16:00.868]	dev.info	gateway_go/main.go:28	log init success!
[2024-03-15 12:16:00.869]	dev.error	initialize/db.go:50	mysql connect failed, err:	{"err": "dial tcp 127.0.0.1:3306: connect: connection refused"}
[2024-03-15 12:16:00.937]	dev.error	initialize/redis.go:18	Redis connect ping failed, err:	{"err": "dial tcp 127.0.0.1:6379: connect: connection refused"}
[2024-03-15 12:16:00.937]	dev.info	initialize/cron.go:19	Failed to parse int from *: strconv.Atoi: parsing "*": invalid syntax
[2024-03-15 12:17:16.898]	dev.info	gateway_go/main.go:28	log init success!
[2024-03-15 12:17:16.899]	dev.error	initialize/db.go:50	mysql connect failed, err:	{"err": "dial tcp 127.0.0.1:3306: connect: connection refused"}
[2024-03-15 12:17:16.966]	dev.error	initialize/redis.go:18	Redis connect ping failed, err:	{"err": "dial tcp 127.0.0.1:6379: connect: connection refused"}
[2024-03-15 12:17:16.966]	dev.info	initialize/cron.go:19	Failed to parse int from *: strconv.Atoi: parsing "*": invalid syntax
[2024-03-15 12:18:06.357]	dev.info	gateway_go/main.go:28	log init success!
[2024-03-15 12:18:06.358]	dev.error	initialize/db.go:50	mysql connect failed, err:	{"err": "dial tcp 127.0.0.1:3306: connect: connection refused"}
[2024-03-15 12:18:06.425]	dev.error	initialize/redis.go:18	Redis connect ping failed, err:	{"err": "dial tcp 127.0.0.1:6379: connect: connection refused"}
[2024-03-15 12:18:06.425]	dev.info	initialize/cron.go:19	Failed to parse int from *: strconv.Atoi: parsing "*": invalid syntax
[2024-03-15 12:20:54.223]	dev.info	gateway_go/main.go:28	log init success!
[2024-03-15 12:20:54.224]	dev.error	initialize/db.go:50	mysql connect failed, err:	{"err": "dial tcp 127.0.0.1:3306: connect: connection refused"}
[2024-03-15 12:20:54.292]	dev.error	initialize/redis.go:18	Redis connect ping failed, err:	{"err": "dial tcp 127.0.0.1:6379: connect: connection refused"}
[2024-03-15 12:20:54.292]	dev.info	initialize/cron.go:19	Failed to parse int from *: strconv.Atoi: parsing "*": invalid syntax
[2024-03-15 12:21:17.102]	dev.info	gateway_go/main.go:28	log init success!
[2024-03-15 12:21:17.103]	dev.error	initialize/db.go:50	mysql connect failed, err:	{"err": "dial tcp 127.0.0.1:3306: connect: connection refused"}
[2024-03-15 12:21:17.169]	dev.error	initialize/redis.go:18	Redis connect ping failed, err:	{"err": "dial tcp 127.0.0.1:6379: connect: connection refused"}
[2024-03-15 12:21:17.169]	dev.info	initialize/cron.go:19	Failed to parse int from *: strconv.Atoi: parsing "*": invalid syntax
[2024-03-15 15:14:23.057]	dev.info	gateway_go/main.go:28	log init success!
[2024-03-15 15:14:23.058]	dev.error	initialize/db.go:50	mysql connect failed, err:	{"err": "dial tcp 127.0.0.1:3306: connect: connection refused"}
[2024-03-15 15:14:23.126]	dev.error	initialize/redis.go:18	Redis connect ping failed, err:	{"err": "dial tcp 127.0.0.1:6379: connect: connection refused"}
[2024-03-15 15:14:23.126]	dev.info	initialize/cron.go:19	Failed to parse int from *: strconv.Atoi: parsing "*": invalid syntax
[2024-03-15 15:15:31.584]	dev.info	gateway_go/main.go:28	log init success!
[2024-03-15 15:15:31.584]	dev.error	initialize/db.go:50	mysql connect failed, err:	{"err": "dial tcp 127.0.0.1:3306: connect: connection refused"}
[2024-03-15 15:15:31.651]	dev.error	initialize/redis.go:18	Redis connect ping failed, err:	{"err": "dial tcp 127.0.0.1:6379: connect: connection refused"}
[2024-03-15 15:15:31.651]	dev.info	initialize/cron.go:19	Failed to parse int from *: strconv.Atoi: parsing "*": invalid syntax
[2024-03-15 15:15:54.124]	dev.info	gateway_go/main.go:28	log init success!
[2024-03-15 15:15:54.124]	dev.error	initialize/db.go:50	mysql connect failed, err:	{"err": "dial tcp 127.0.0.1:3306: connect: connection refused"}
[2024-03-15 15:15:54.192]	dev.error	initialize/redis.go:18	Redis connect ping failed, err:	{"err": "dial tcp 127.0.0.1:6379: connect: connection refused"}
[2024-03-15 15:15:54.192]	dev.info	initialize/cron.go:19	Failed to parse int from *: strconv.Atoi: parsing "*": invalid syntax
